{"C:\\Users\\dell\\Downloads\\$HOMEagy2-projectsmy-first-project\\src\\constants\\emissionFactors.ts": {"path":"C:\\Users\\dell\\Downloads\\$HOMEagy2-projectsmy-first-project\\src\\constants\\emissionFactors.ts","statementMap":{"0":{"start":{"line":40,"column":49},"end":{"line":77,"column":null}}},"fnMap":{},"branchMap":{},"s":{"0":2},"f":{},"b":{},"meta":{"lastBranch":0,"lastFunction":0,"lastStatement":1,"seen":{"s:40:49:77:Infinity":0},"fnNames":{}}}
,"C:\\Users\\dell\\Downloads\\$HOMEagy2-projectsmy-first-project\\src\\providers\\AppContext.tsx": {"path":"C:\\Users\\dell\\Downloads\\$HOMEagy2-projectsmy-first-project\\src\\providers\\AppContext.tsx","statementMap":{"0":{"start":{"line":26,"column":6},"end":{"line":26,"column":null}},"1":{"start":{"line":28,"column":13},"end":{"line":319,"column":null}},"2":{"start":{"line":29,"column":18},"end":{"line":29,"column":null}},"3":{"start":{"line":29,"column":60},"end":{"line":29,"column":90}},"4":{"start":{"line":30,"column":15},"end":{"line":30,"column":null}},"5":{"start":{"line":30,"column":53},"end":{"line":30,"column":80}},"6":{"start":{"line":31,"column":27},"end":{"line":31,"column":null}},"7":{"start":{"line":31,"column":84},"end":{"line":31,"column":123}},"8":{"start":{"line":32,"column":17},"end":{"line":32,"column":null}},"9":{"start":{"line":32,"column":54},"end":{"line":32,"column":83}},"10":{"start":{"line":33,"column":16},"end":{"line":33,"column":null}},"11":{"start":{"line":34,"column":23},"end":{"line":34,"column":null}},"12":{"start":{"line":37,"column":2},"end":{"line":52,"column":null}},"13":{"start":{"line":38,"column":21},"end":{"line":38,"column":null}},"14":{"start":{"line":39,"column":21},"end":{"line":39,"column":null}},"15":{"start":{"line":39,"column":36},"end":{"line":39,"column":55}},"16":{"start":{"line":40,"column":23},"end":{"line":40,"column":null}},"17":{"start":{"line":43,"column":4},"end":{"line":43,"column":null}},"18":{"start":{"line":46,"column":4},"end":{"line":51,"column":null}},"19":{"start":{"line":47,"column":23},"end":{"line":47,"column":null}},"20":{"start":{"line":47,"column":49},"end":{"line":47,"column":76}},"21":{"start":{"line":48,"column":6},"end":{"line":48,"column":null}},"22":{"start":{"line":50,"column":6},"end":{"line":50,"column":null}},"23":{"start":{"line":54,"column":8},"end":{"line":58,"column":null}},"24":{"start":{"line":55,"column":20},"end":{"line":55,"column":null}},"25":{"start":{"line":56,"column":4},"end":{"line":56,"column":null}},"26":{"start":{"line":57,"column":4},"end":{"line":57,"column":null}},"27":{"start":{"line":60,"column":8},"end":{"line":76,"column":null}},"28":{"start":{"line":61,"column":21},"end":{"line":61,"column":null}},"29":{"start":{"line":61,"column":43},"end":{"line":61,"column":58}},"30":{"start":{"line":62,"column":4},"end":{"line":62,"column":null}},"31":{"start":{"line":62,"column":18},"end":{"line":62,"column":null}},"32":{"start":{"line":64,"column":4},"end":{"line":75,"column":null}},"33":{"start":{"line":78,"column":8},"end":{"line":111,"column":null}},"34":{"start":{"line":79,"column":24},"end":{"line":79,"column":null}},"35":{"start":{"line":79,"column":39},"end":{"line":79,"column":87}},"36":{"start":{"line":80,"column":4},"end":{"line":82,"column":null}},"37":{"start":{"line":80,"column":24},"end":{"line":80,"column":52}},"38":{"start":{"line":81,"column":6},"end":{"line":81,"column":null}},"39":{"start":{"line":85,"column":4},"end":{"line":85,"column":null}},"40":{"start":{"line":85,"column":31},"end":{"line":85,"column":59}},"41":{"start":{"line":88,"column":25},"end":{"line":88,"column":null}},"42":{"start":{"line":89,"column":21},"end":{"line":89,"column":null}},"43":{"start":{"line":90,"column":25},"end":{"line":90,"column":null}},"44":{"start":{"line":92,"column":4},"end":{"line":104,"column":null}},"45":{"start":{"line":93,"column":6},"end":{"line":103,"column":null}},"46":{"start":{"line":94,"column":8},"end":{"line":99,"column":null}},"47":{"start":{"line":95,"column":10},"end":{"line":95,"column":null}},"48":{"start":{"line":96,"column":15},"end":{"line":99,"column":null}},"49":{"start":{"line":98,"column":10},"end":{"line":98,"column":null}},"50":{"start":{"line":100,"column":8},"end":{"line":100,"column":null}},"51":{"start":{"line":101,"column":8},"end":{"line":101,"column":null}},"52":{"start":{"line":102,"column":8},"end":{"line":102,"column":null}},"53":{"start":{"line":106,"column":4},"end":{"line":106,"column":null}},"54":{"start":{"line":107,"column":4},"end":{"line":107,"column":null}},"55":{"start":{"line":110,"column":4},"end":{"line":110,"column":null}},"56":{"start":{"line":113,"column":8},"end":{"line":124,"column":null}},"57":{"start":{"line":114,"column":18},"end":{"line":114,"column":null}},"58":{"start":{"line":115,"column":4},"end":{"line":115,"column":null}},"59":{"start":{"line":116,"column":4},"end":{"line":122,"column":null}},"60":{"start":{"line":123,"column":4},"end":{"line":123,"column":null}},"61":{"start":{"line":126,"column":8},"end":{"line":137,"column":null}},"62":{"start":{"line":127,"column":18},"end":{"line":127,"column":null}},"63":{"start":{"line":128,"column":4},"end":{"line":128,"column":null}},"64":{"start":{"line":129,"column":4},"end":{"line":135,"column":null}},"65":{"start":{"line":136,"column":4},"end":{"line":136,"column":null}},"66":{"start":{"line":139,"column":8},"end":{"line":150,"column":null}},"67":{"start":{"line":140,"column":18},"end":{"line":140,"column":null}},"68":{"start":{"line":141,"column":4},"end":{"line":141,"column":null}},"69":{"start":{"line":142,"column":4},"end":{"line":148,"column":null}},"70":{"start":{"line":149,"column":4},"end":{"line":149,"column":null}},"71":{"start":{"line":152,"column":8},"end":{"line":163,"column":null}},"72":{"start":{"line":153,"column":18},"end":{"line":153,"column":null}},"73":{"start":{"line":154,"column":4},"end":{"line":154,"column":null}},"74":{"start":{"line":155,"column":4},"end":{"line":161,"column":null}},"75":{"start":{"line":162,"column":4},"end":{"line":162,"column":null}},"76":{"start":{"line":165,"column":8},"end":{"line":176,"column":null}},"77":{"start":{"line":166,"column":18},"end":{"line":166,"column":null}},"78":{"start":{"line":167,"column":4},"end":{"line":167,"column":null}},"79":{"start":{"line":168,"column":4},"end":{"line":174,"column":null}},"80":{"start":{"line":175,"column":4},"end":{"line":175,"column":null}},"81":{"start":{"line":178,"column":8},"end":{"line":193,"column":null}},"82":{"start":{"line":179,"column":19},"end":{"line":179,"column":null}},"83":{"start":{"line":179,"column":46},"end":{"line":179,"column":75}},"84":{"start":{"line":180,"column":4},"end":{"line":180,"column":null}},"85":{"start":{"line":180,"column":16},"end":{"line":180,"column":null}},"86":{"start":{"line":182,"column":42},"end":{"line":188,"column":null}},"87":{"start":{"line":190,"column":20},"end":{"line":190,"column":null}},"88":{"start":{"line":191,"column":4},"end":{"line":191,"column":null}},"89":{"start":{"line":192,"column":4},"end":{"line":192,"column":null}},"90":{"start":{"line":195,"column":8},"end":{"line":210,"column":null}},"91":{"start":{"line":196,"column":20},"end":{"line":207,"column":null}},"92":{"start":{"line":197,"column":6},"end":{"line":205,"column":null}},"93":{"start":{"line":198,"column":25},"end":{"line":198,"column":null}},"94":{"start":{"line":199,"column":28},"end":{"line":199,"column":null}},"95":{"start":{"line":200,"column":8},"end":{"line":204,"column":null}},"96":{"start":{"line":206,"column":6},"end":{"line":206,"column":null}},"97":{"start":{"line":208,"column":4},"end":{"line":208,"column":null}},"98":{"start":{"line":209,"column":4},"end":{"line":209,"column":null}},"99":{"start":{"line":212,"column":8},"end":{"line":229,"column":null}},"100":{"start":{"line":213,"column":20},"end":{"line":226,"column":null}},"101":{"start":{"line":214,"column":6},"end":{"line":224,"column":null}},"102":{"start":{"line":215,"column":8},"end":{"line":222,"column":null}},"103":{"start":{"line":217,"column":10},"end":{"line":221,"column":null}},"104":{"start":{"line":223,"column":8},"end":{"line":223,"column":null}},"105":{"start":{"line":225,"column":6},"end":{"line":225,"column":null}},"106":{"start":{"line":227,"column":4},"end":{"line":227,"column":null}},"107":{"start":{"line":228,"column":4},"end":{"line":228,"column":null}},"108":{"start":{"line":231,"column":8},"end":{"line":287,"column":null}},"109":{"start":{"line":232,"column":22},"end":{"line":232,"column":null}},"110":{"start":{"line":233,"column":21},"end":{"line":233,"column":null}},"111":{"start":{"line":235,"column":26},"end":{"line":275,"column":null}},"112":{"start":{"line":236,"column":6},"end":{"line":236,"column":null}},"113":{"start":{"line":236,"column":28},"end":{"line":236,"column":null}},"114":{"start":{"line":238,"column":28},"end":{"line":238,"column":null}},"115":{"start":{"line":240,"column":6},"end":{"line":268,"column":null}},"116":{"start":{"line":242,"column":10},"end":{"line":242,"column":null}},"117":{"start":{"line":243,"column":10},"end":{"line":243,"column":null}},"118":{"start":{"line":245,"column":10},"end":{"line":245,"column":null}},"119":{"start":{"line":245,"column":50},"end":{"line":245,"column":97}},"120":{"start":{"line":246,"column":10},"end":{"line":246,"column":null}},"121":{"start":{"line":248,"column":10},"end":{"line":248,"column":null}},"122":{"start":{"line":248,"column":50},"end":{"line":248,"column":130}},"123":{"start":{"line":249,"column":10},"end":{"line":249,"column":null}},"124":{"start":{"line":251,"column":10},"end":{"line":251,"column":null}},"125":{"start":{"line":251,"column":50},"end":{"line":251,"column":113}},"126":{"start":{"line":252,"column":10},"end":{"line":252,"column":null}},"127":{"start":{"line":254,"column":10},"end":{"line":254,"column":null}},"128":{"start":{"line":254,"column":50},"end":{"line":254,"column":102}},"129":{"start":{"line":255,"column":10},"end":{"line":255,"column":null}},"130":{"start":{"line":257,"column":10},"end":{"line":257,"column":null}},"131":{"start":{"line":257,"column":50},"end":{"line":257,"column":140}},"132":{"start":{"line":258,"column":10},"end":{"line":258,"column":null}},"133":{"start":{"line":260,"column":10},"end":{"line":260,"column":null}},"134":{"start":{"line":260,"column":50},"end":{"line":260,"column":92}},"135":{"start":{"line":261,"column":10},"end":{"line":261,"column":null}},"136":{"start":{"line":263,"column":10},"end":{"line":263,"column":null}},"137":{"start":{"line":264,"column":10},"end":{"line":264,"column":null}},"138":{"start":{"line":266,"column":10},"end":{"line":266,"column":null}},"139":{"start":{"line":267,"column":10},"end":{"line":267,"column":null}},"140":{"start":{"line":270,"column":6},"end":{"line":273,"column":null}},"141":{"start":{"line":271,"column":8},"end":{"line":271,"column":null}},"142":{"start":{"line":272,"column":8},"end":{"line":272,"column":null}},"143":{"start":{"line":274,"column":6},"end":{"line":274,"column":null}},"144":{"start":{"line":277,"column":4},"end":{"line":286,"column":null}},"145":{"start":{"line":278,"column":6},"end":{"line":278,"column":null}},"146":{"start":{"line":279,"column":6},"end":{"line":279,"column":null}},"147":{"start":{"line":281,"column":6},"end":{"line":285,"column":null}},"148":{"start":{"line":289,"column":8},"end":{"line":295,"column":null}},"149":{"start":{"line":290,"column":4},"end":{"line":290,"column":null}},"150":{"start":{"line":291,"column":4},"end":{"line":291,"column":null}},"151":{"start":{"line":292,"column":4},"end":{"line":292,"column":null}},"152":{"start":{"line":293,"column":4},"end":{"line":293,"column":null}},"153":{"start":{"line":294,"column":4},"end":{"line":294,"column":null}},"154":{"start":{"line":297,"column":2},"end":{"line":317,"column":null}},"155":{"start":{"line":321,"column":13},"end":{"line":327,"column":null}},"156":{"start":{"line":322,"column":8},"end":{"line":322,"column":null}},"157":{"start":{"line":323,"column":2},"end":{"line":325,"column":null}},"158":{"start":{"line":324,"column":4},"end":{"line":324,"column":null}},"159":{"start":{"line":326,"column":2},"end":{"line":326,"column":null}}},"fnMap":{"0":{"name":"(anonymous_0)","decl":{"start":{"line":28,"column":13},"end":{"line":28,"column":69}},"loc":{"start":{"line":28,"column":86},"end":{"line":319,"column":null}},"line":28},"1":{"name":"(anonymous_1)","decl":{"start":{"line":29,"column":32},"end":{"line":29,"column":60}},"loc":{"start":{"line":29,"column":60},"end":{"line":29,"column":90}},"line":29},"2":{"name":"(anonymous_2)","decl":{"start":{"line":30,"column":26},"end":{"line":30,"column":53}},"loc":{"start":{"line":30,"column":53},"end":{"line":30,"column":80}},"line":30},"3":{"name":"(anonymous_3)","decl":{"start":{"line":31,"column":50},"end":{"line":31,"column":84}},"loc":{"start":{"line":31,"column":84},"end":{"line":31,"column":123}},"line":31},"4":{"name":"(anonymous_4)","decl":{"start":{"line":32,"column":30},"end":{"line":32,"column":54}},"loc":{"start":{"line":32,"column":54},"end":{"line":32,"column":83}},"line":32},"5":{"name":"(anonymous_5)","decl":{"start":{"line":37,"column":2},"end":{"line":37,"column":18}},"loc":{"start":{"line":37,"column":18},"end":{"line":52,"column":5}},"line":37},"6":{"name":"(anonymous_6)","decl":{"start":{"line":39,"column":26},"end":{"line":39,"column":31}},"loc":{"start":{"line":39,"column":36},"end":{"line":39,"column":55}},"line":39},"7":{"name":"(anonymous_7)","decl":{"start":{"line":47,"column":28},"end":{"line":47,"column":36}},"loc":{"start":{"line":47,"column":49},"end":{"line":47,"column":76}},"line":47},"8":{"name":"(anonymous_8)","decl":{"start":{"line":54,"column":8},"end":{"line":54,"column":25}},"loc":{"start":{"line":54,"column":63},"end":{"line":58,"column":null}},"line":54},"9":{"name":"(anonymous_9)","decl":{"start":{"line":60,"column":8},"end":{"line":60,"column":31}},"loc":{"start":{"line":60,"column":83},"end":{"line":76,"column":null}},"line":60},"10":{"name":"(anonymous_10)","decl":{"start":{"line":61,"column":33},"end":{"line":61,"column":38}},"loc":{"start":{"line":61,"column":43},"end":{"line":61,"column":58}},"line":61},"11":{"name":"(anonymous_11)","decl":{"start":{"line":78,"column":8},"end":{"line":78,"column":27}},"loc":{"start":{"line":78,"column":54},"end":{"line":111,"column":null}},"line":78},"12":{"name":"(anonymous_12)","decl":{"start":{"line":79,"column":29},"end":{"line":79,"column":33}},"loc":{"start":{"line":79,"column":39},"end":{"line":79,"column":87}},"line":79},"13":{"name":"(anonymous_13)","decl":{"start":{"line":80,"column":14},"end":{"line":80,"column":19}},"loc":{"start":{"line":80,"column":24},"end":{"line":80,"column":52}},"line":80},"14":{"name":"(anonymous_14)","decl":{"start":{"line":85,"column":16},"end":{"line":85,"column":22}},"loc":{"start":{"line":85,"column":31},"end":{"line":85,"column":59}},"line":85},"15":{"name":"(anonymous_15)","decl":{"start":{"line":113,"column":8},"end":{"line":113,"column":29}},"loc":{"start":{"line":113,"column":70},"end":{"line":124,"column":null}},"line":113},"16":{"name":"(anonymous_16)","decl":{"start":{"line":126,"column":8},"end":{"line":126,"column":26}},"loc":{"start":{"line":126,"column":64},"end":{"line":137,"column":null}},"line":126},"17":{"name":"(anonymous_17)","decl":{"start":{"line":139,"column":8},"end":{"line":139,"column":20}},"loc":{"start":{"line":139,"column":52},"end":{"line":150,"column":null}},"line":139},"18":{"name":"(anonymous_18)","decl":{"start":{"line":152,"column":8},"end":{"line":152,"column":19}},"loc":{"start":{"line":152,"column":50},"end":{"line":163,"column":null}},"line":152},"19":{"name":"(anonymous_19)","decl":{"start":{"line":165,"column":8},"end":{"line":165,"column":23}},"loc":{"start":{"line":165,"column":58},"end":{"line":176,"column":null}},"line":165},"20":{"name":"(anonymous_20)","decl":{"start":{"line":178,"column":8},"end":{"line":178,"column":25}},"loc":{"start":{"line":178,"column":49},"end":{"line":193,"column":null}},"line":178},"21":{"name":"(anonymous_21)","decl":{"start":{"line":179,"column":36},"end":{"line":179,"column":41}},"loc":{"start":{"line":179,"column":46},"end":{"line":179,"column":75}},"line":179},"22":{"name":"(anonymous_22)","decl":{"start":{"line":195,"column":8},"end":{"line":195,"column":28}},"loc":{"start":{"line":195,"column":81},"end":{"line":210,"column":null}},"line":195},"23":{"name":"(anonymous_23)","decl":{"start":{"line":196,"column":37},"end":{"line":196,"column":41}},"loc":{"start":{"line":196,"column":46},"end":{"line":207,"column":5}},"line":196},"24":{"name":"(anonymous_24)","decl":{"start":{"line":212,"column":8},"end":{"line":212,"column":29}},"loc":{"start":{"line":212,"column":53},"end":{"line":229,"column":null}},"line":212},"25":{"name":"(anonymous_25)","decl":{"start":{"line":213,"column":37},"end":{"line":213,"column":41}},"loc":{"start":{"line":213,"column":46},"end":{"line":226,"column":5}},"line":213},"26":{"name":"(anonymous_26)","decl":{"start":{"line":231,"column":8},"end":{"line":231,"column":29}},"loc":{"start":{"line":231,"column":86},"end":{"line":287,"column":null}},"line":231},"27":{"name":"(anonymous_27)","decl":{"start":{"line":235,"column":33},"end":{"line":235,"column":37}},"loc":{"start":{"line":235,"column":46},"end":{"line":275,"column":5}},"line":235},"28":{"name":"(anonymous_28)","decl":{"start":{"line":245,"column":40},"end":{"line":245,"column":45}},"loc":{"start":{"line":245,"column":50},"end":{"line":245,"column":97}},"line":245},"29":{"name":"(anonymous_29)","decl":{"start":{"line":248,"column":40},"end":{"line":248,"column":45}},"loc":{"start":{"line":248,"column":50},"end":{"line":248,"column":130}},"line":248},"30":{"name":"(anonymous_30)","decl":{"start":{"line":251,"column":40},"end":{"line":251,"column":45}},"loc":{"start":{"line":251,"column":50},"end":{"line":251,"column":113}},"line":251},"31":{"name":"(anonymous_31)","decl":{"start":{"line":254,"column":40},"end":{"line":254,"column":45}},"loc":{"start":{"line":254,"column":50},"end":{"line":254,"column":102}},"line":254},"32":{"name":"(anonymous_32)","decl":{"start":{"line":257,"column":40},"end":{"line":257,"column":45}},"loc":{"start":{"line":257,"column":50},"end":{"line":257,"column":140}},"line":257},"33":{"name":"(anonymous_33)","decl":{"start":{"line":260,"column":40},"end":{"line":260,"column":45}},"loc":{"start":{"line":260,"column":50},"end":{"line":260,"column":92}},"line":260},"34":{"name":"(anonymous_34)","decl":{"start":{"line":289,"column":8},"end":{"line":289,"column":26}},"loc":{"start":{"line":289,"column":26},"end":{"line":295,"column":null}},"line":289},"35":{"name":"(anonymous_35)","decl":{"start":{"line":321,"column":13},"end":{"line":321,"column":28}},"loc":{"start":{"line":321,"column":28},"end":{"line":327,"column":null}},"line":321}},"branchMap":{"0":{"loc":{"start":{"line":40,"column":23},"end":{"line":40,"column":null}},"type":"cond-expr","locations":[{"start":{"line":40,"column":34},"end":{"line":40,"column":61}},{"start":{"line":40,"column":61},"end":{"line":40,"column":null}}],"line":40},"1":{"loc":{"start":{"line":46,"column":4},"end":{"line":51,"column":null}},"type":"if","locations":[{"start":{"line":46,"column":4},"end":{"line":51,"column":null}},{"start":{"line":49,"column":11},"end":{"line":51,"column":null}}],"line":46},"2":{"loc":{"start":{"line":62,"column":4},"end":{"line":62,"column":null}},"type":"if","locations":[{"start":{"line":62,"column":4},"end":{"line":62,"column":null}},{"start":{},"end":{}}],"line":62},"3":{"loc":{"start":{"line":79,"column":39},"end":{"line":79,"column":87}},"type":"cond-expr","locations":[{"start":{"line":79,"column":70},"end":{"line":79,"column":85}},{"start":{"line":79,"column":85},"end":{"line":79,"column":87}}],"line":79},"4":{"loc":{"start":{"line":80,"column":4},"end":{"line":82,"column":null}},"type":"if","locations":[{"start":{"line":80,"column":4},"end":{"line":82,"column":null}},{"start":{},"end":{}}],"line":80},"5":{"loc":{"start":{"line":92,"column":4},"end":{"line":104,"column":null}},"type":"if","locations":[{"start":{"line":92,"column":4},"end":{"line":104,"column":null}},{"start":{},"end":{}}],"line":92},"6":{"loc":{"start":{"line":92,"column":8},"end":{"line":92,"column":78}},"type":"binary-expr","locations":[{"start":{"line":92,"column":8},"end":{"line":92,"column":42}},{"start":{"line":92,"column":42},"end":{"line":92,"column":78}}],"line":92},"7":{"loc":{"start":{"line":93,"column":6},"end":{"line":103,"column":null}},"type":"if","locations":[{"start":{"line":93,"column":6},"end":{"line":103,"column":null}},{"start":{},"end":{}}],"line":93},"8":{"loc":{"start":{"line":94,"column":8},"end":{"line":99,"column":null}},"type":"if","locations":[{"start":{"line":94,"column":8},"end":{"line":99,"column":null}},{"start":{"line":96,"column":15},"end":{"line":99,"column":null}}],"line":94},"9":{"loc":{"start":{"line":94,"column":12},"end":{"line":94,"column":87}},"type":"binary-expr","locations":[{"start":{"line":94,"column":12},"end":{"line":94,"column":55}},{"start":{"line":94,"column":55},"end":{"line":94,"column":87}}],"line":94},"10":{"loc":{"start":{"line":96,"column":15},"end":{"line":99,"column":null}},"type":"if","locations":[{"start":{"line":96,"column":15},"end":{"line":99,"column":null}},{"start":{},"end":{}}],"line":96},"11":{"loc":{"start":{"line":180,"column":4},"end":{"line":180,"column":null}},"type":"if","locations":[{"start":{"line":180,"column":4},"end":{"line":180,"column":null}},{"start":{},"end":{}}],"line":180},"12":{"loc":{"start":{"line":197,"column":6},"end":{"line":205,"column":null}},"type":"if","locations":[{"start":{"line":197,"column":6},"end":{"line":205,"column":null}},{"start":{},"end":{}}],"line":197},"13":{"loc":{"start":{"line":214,"column":6},"end":{"line":224,"column":null}},"type":"if","locations":[{"start":{"line":214,"column":6},"end":{"line":224,"column":null}},{"start":{},"end":{}}],"line":214},"14":{"loc":{"start":{"line":215,"column":8},"end":{"line":222,"column":null}},"type":"if","locations":[{"start":{"line":215,"column":8},"end":{"line":222,"column":null}},{"start":{},"end":{}}],"line":215},"15":{"loc":{"start":{"line":236,"column":6},"end":{"line":236,"column":null}},"type":"if","locations":[{"start":{"line":236,"column":6},"end":{"line":236,"column":null}},{"start":{},"end":{}}],"line":236},"16":{"loc":{"start":{"line":240,"column":6},"end":{"line":268,"column":null}},"type":"switch","locations":[{"start":{"line":241,"column":8},"end":{"line":243,"column":null}},{"start":{"line":244,"column":8},"end":{"line":246,"column":null}},{"start":{"line":247,"column":8},"end":{"line":249,"column":null}},{"start":{"line":250,"column":8},"end":{"line":252,"column":null}},{"start":{"line":253,"column":8},"end":{"line":255,"column":null}},{"start":{"line":256,"column":8},"end":{"line":258,"column":null}},{"start":{"line":259,"column":8},"end":{"line":261,"column":null}},{"start":{"line":262,"column":8},"end":{"line":264,"column":null}},{"start":{"line":265,"column":8},"end":{"line":267,"column":null}}],"line":240},"17":{"loc":{"start":{"line":245,"column":50},"end":{"line":245,"column":97}},"type":"binary-expr","locations":[{"start":{"line":245,"column":50},"end":{"line":245,"column":75}},{"start":{"line":245,"column":75},"end":{"line":245,"column":97}}],"line":245},"18":{"loc":{"start":{"line":248,"column":50},"end":{"line":248,"column":130}},"type":"binary-expr","locations":[{"start":{"line":248,"column":50},"end":{"line":248,"column":70}},{"start":{"line":248,"column":70},"end":{"line":248,"column":130}}],"line":248},"19":{"loc":{"start":{"line":251,"column":50},"end":{"line":251,"column":113}},"type":"binary-expr","locations":[{"start":{"line":251,"column":50},"end":{"line":251,"column":67}},{"start":{"line":251,"column":67},"end":{"line":251,"column":92}},{"start":{"line":251,"column":92},"end":{"line":251,"column":113}}],"line":251},"20":{"loc":{"start":{"line":254,"column":50},"end":{"line":254,"column":102}},"type":"binary-expr","locations":[{"start":{"line":254,"column":50},"end":{"line":254,"column":61}},{"start":{"line":254,"column":61},"end":{"line":254,"column":83}},{"start":{"line":254,"column":83},"end":{"line":254,"column":102}}],"line":254},"21":{"loc":{"start":{"line":257,"column":50},"end":{"line":257,"column":140}},"type":"binary-expr","locations":[{"start":{"line":257,"column":50},"end":{"line":257,"column":60}},{"start":{"line":257,"column":60},"end":{"line":257,"column":90}},{"start":{"line":257,"column":90},"end":{"line":257,"column":115}},{"start":{"line":257,"column":115},"end":{"line":257,"column":140}}],"line":257},"22":{"loc":{"start":{"line":260,"column":50},"end":{"line":260,"column":92}},"type":"binary-expr","locations":[{"start":{"line":260,"column":50},"end":{"line":260,"column":64}},{"start":{"line":260,"column":64},"end":{"line":260,"column":92}}],"line":260},"23":{"loc":{"start":{"line":270,"column":6},"end":{"line":273,"column":null}},"type":"if","locations":[{"start":{"line":270,"column":6},"end":{"line":273,"column":null}},{"start":{},"end":{}}],"line":270},"24":{"loc":{"start":{"line":277,"column":4},"end":{"line":286,"column":null}},"type":"if","locations":[{"start":{"line":277,"column":4},"end":{"line":286,"column":null}},{"start":{},"end":{}}],"line":277},"25":{"loc":{"start":{"line":323,"column":2},"end":{"line":325,"column":null}},"type":"if","locations":[{"start":{"line":323,"column":2},"end":{"line":325,"column":null}},{"start":{},"end":{}}],"line":323}},"s":{"0":1,"1":1,"2":23,"3":6,"4":23,"5":6,"6":23,"7":6,"8":23,"9":6,"10":23,"11":23,"12":23,"13":11,"14":11,"15":123,"16":11,"17":11,"18":11,"19":11,"20":165,"21":11,"22":0,"23":23,"24":1,"25":1,"26":1,"27":23,"28":6,"29":90,"30":6,"31":6,"32":0,"33":23,"34":6,"35":90,"36":6,"37":90,"38":0,"39":6,"40":84,"41":6,"42":6,"43":6,"44":6,"45":6,"46":6,"47":6,"48":0,"49":0,"50":6,"51":6,"52":6,"53":6,"54":6,"55":6,"56":23,"57":2,"58":2,"59":2,"60":2,"61":23,"62":1,"63":1,"64":1,"65":1,"66":23,"67":1,"68":1,"69":1,"70":1,"71":23,"72":1,"73":1,"74":1,"75":1,"76":23,"77":1,"78":1,"79":1,"80":1,"81":23,"82":2,"83":2,"84":2,"85":2,"86":0,"87":0,"88":0,"89":0,"90":23,"91":1,"92":1,"93":1,"94":1,"95":1,"96":0,"97":1,"98":1,"99":23,"100":1,"101":1,"102":1,"103":1,"104":1,"105":0,"106":1,"107":1,"108":23,"109":6,"110":6,"111":6,"112":54,"113":12,"114":42,"115":42,"116":0,"117":0,"118":6,"119":12,"120":6,"121":6,"122":8,"123":6,"124":6,"125":90,"126":6,"127":6,"128":90,"129":6,"130":6,"131":22,"132":6,"133":6,"134":12,"135":6,"136":0,"137":0,"138":6,"139":6,"140":42,"141":24,"142":24,"143":18,"144":6,"145":6,"146":6,"147":6,"148":23,"149":1,"150":1,"151":1,"152":1,"153":1,"154":23,"155":1,"156":23,"157":23,"158":0,"159":23},"f":{"0":23,"1":6,"2":6,"3":6,"4":6,"5":11,"6":123,"7":165,"8":1,"9":6,"10":90,"11":6,"12":90,"13":90,"14":84,"15":2,"16":1,"17":1,"18":1,"19":1,"20":2,"21":2,"22":1,"23":1,"24":1,"25":1,"26":6,"27":54,"28":12,"29":8,"30":90,"31":90,"32":22,"33":12,"34":1,"35":23},"b":{"0":[11,0],"1":[11,0],"2":[6,0],"3":[6,84],"4":[0,6],"5":[6,0],"6":[6,0],"7":[6,0],"8":[6,0],"9":[6,6],"10":[0,0],"11":[2,0],"12":[1,0],"13":[1,0],"14":[1,0],"15":[12,42],"16":[42,6,6,6,6,6,6,0,6],"17":[12,12],"18":[8,8],"19":[90,90,90],"20":[90,90,90],"21":[22,22,6,0],"22":[12,12],"23":[24,18],"24":[6,0],"25":[0,23]},"meta":{"lastBranch":26,"lastFunction":36,"lastStatement":160,"seen":{"s:26:6:26:Infinity":0,"s:28:13:319:Infinity":1,"f:28:13:28:69":0,"s:29:18:29:Infinity":2,"f:29:32:29:60":1,"s:29:60:29:90":3,"s:30:15:30:Infinity":4,"f:30:26:30:53":2,"s:30:53:30:80":5,"s:31:27:31:Infinity":6,"f:31:50:31:84":3,"s:31:84:31:123":7,"s:32:17:32:Infinity":8,"f:32:30:32:54":4,"s:32:54:32:83":9,"s:33:16:33:Infinity":10,"s:34:23:34:Infinity":11,"s:37:2:52:Infinity":12,"f:37:2:37:18":5,"s:38:21:38:Infinity":13,"s:39:21:39:Infinity":14,"f:39:26:39:31":6,"s:39:36:39:55":15,"s:40:23:40:Infinity":16,"b:40:34:40:61:40:61:40:Infinity":0,"s:43:4:43:Infinity":17,"b:46:4:51:Infinity:49:11:51:Infinity":1,"s:46:4:51:Infinity":18,"s:47:23:47:Infinity":19,"f:47:28:47:36":7,"s:47:49:47:76":20,"s:48:6:48:Infinity":21,"s:50:6:50:Infinity":22,"s:54:8:58:Infinity":23,"f:54:8:54:25":8,"s:55:20:55:Infinity":24,"s:56:4:56:Infinity":25,"s:57:4:57:Infinity":26,"s:60:8:76:Infinity":27,"f:60:8:60:31":9,"s:61:21:61:Infinity":28,"f:61:33:61:38":10,"s:61:43:61:58":29,"b:62:4:62:Infinity:undefined:undefined:undefined:undefined":2,"s:62:4:62:Infinity":30,"s:62:18:62:Infinity":31,"s:64:4:75:Infinity":32,"s:78:8:111:Infinity":33,"f:78:8:78:27":11,"s:79:24:79:Infinity":34,"f:79:29:79:33":12,"s:79:39:79:87":35,"b:79:70:79:85:79:85:79:87":3,"b:80:4:82:Infinity:undefined:undefined:undefined:undefined":4,"s:80:4:82:Infinity":36,"f:80:14:80:19":13,"s:80:24:80:52":37,"s:81:6:81:Infinity":38,"s:85:4:85:Infinity":39,"f:85:16:85:22":14,"s:85:31:85:59":40,"s:88:25:88:Infinity":41,"s:89:21:89:Infinity":42,"s:90:25:90:Infinity":43,"b:92:4:104:Infinity:undefined:undefined:undefined:undefined":5,"s:92:4:104:Infinity":44,"b:92:8:92:42:92:42:92:78":6,"b:93:6:103:Infinity:undefined:undefined:undefined:undefined":7,"s:93:6:103:Infinity":45,"b:94:8:99:Infinity:96:15:99:Infinity":8,"s:94:8:99:Infinity":46,"b:94:12:94:55:94:55:94:87":9,"s:95:10:95:Infinity":47,"b:96:15:99:Infinity:undefined:undefined:undefined:undefined":10,"s:96:15:99:Infinity":48,"s:98:10:98:Infinity":49,"s:100:8:100:Infinity":50,"s:101:8:101:Infinity":51,"s:102:8:102:Infinity":52,"s:106:4:106:Infinity":53,"s:107:4:107:Infinity":54,"s:110:4:110:Infinity":55,"s:113:8:124:Infinity":56,"f:113:8:113:29":15,"s:114:18:114:Infinity":57,"s:115:4:115:Infinity":58,"s:116:4:122:Infinity":59,"s:123:4:123:Infinity":60,"s:126:8:137:Infinity":61,"f:126:8:126:26":16,"s:127:18:127:Infinity":62,"s:128:4:128:Infinity":63,"s:129:4:135:Infinity":64,"s:136:4:136:Infinity":65,"s:139:8:150:Infinity":66,"f:139:8:139:20":17,"s:140:18:140:Infinity":67,"s:141:4:141:Infinity":68,"s:142:4:148:Infinity":69,"s:149:4:149:Infinity":70,"s:152:8:163:Infinity":71,"f:152:8:152:19":18,"s:153:18:153:Infinity":72,"s:154:4:154:Infinity":73,"s:155:4:161:Infinity":74,"s:162:4:162:Infinity":75,"s:165:8:176:Infinity":76,"f:165:8:165:23":19,"s:166:18:166:Infinity":77,"s:167:4:167:Infinity":78,"s:168:4:174:Infinity":79,"s:175:4:175:Infinity":80,"s:178:8:193:Infinity":81,"f:178:8:178:25":20,"s:179:19:179:Infinity":82,"f:179:36:179:41":21,"s:179:46:179:75":83,"b:180:4:180:Infinity:undefined:undefined:undefined:undefined":11,"s:180:4:180:Infinity":84,"s:180:16:180:Infinity":85,"s:182:42:188:Infinity":86,"s:190:20:190:Infinity":87,"s:191:4:191:Infinity":88,"s:192:4:192:Infinity":89,"s:195:8:210:Infinity":90,"f:195:8:195:28":22,"s:196:20:207:Infinity":91,"f:196:37:196:41":23,"b:197:6:205:Infinity:undefined:undefined:undefined:undefined":12,"s:197:6:205:Infinity":92,"s:198:25:198:Infinity":93,"s:199:28:199:Infinity":94,"s:200:8:204:Infinity":95,"s:206:6:206:Infinity":96,"s:208:4:208:Infinity":97,"s:209:4:209:Infinity":98,"s:212:8:229:Infinity":99,"f:212:8:212:29":24,"s:213:20:226:Infinity":100,"f:213:37:213:41":25,"b:214:6:224:Infinity:undefined:undefined:undefined:undefined":13,"s:214:6:224:Infinity":101,"b:215:8:222:Infinity:undefined:undefined:undefined:undefined":14,"s:215:8:222:Infinity":102,"s:217:10:221:Infinity":103,"s:223:8:223:Infinity":104,"s:225:6:225:Infinity":105,"s:227:4:227:Infinity":106,"s:228:4:228:Infinity":107,"s:231:8:287:Infinity":108,"f:231:8:231:29":26,"s:232:22:232:Infinity":109,"s:233:21:233:Infinity":110,"s:235:26:275:Infinity":111,"f:235:33:235:37":27,"b:236:6:236:Infinity:undefined:undefined:undefined:undefined":15,"s:236:6:236:Infinity":112,"s:236:28:236:Infinity":113,"s:238:28:238:Infinity":114,"b:241:8:243:Infinity:244:8:246:Infinity:247:8:249:Infinity:250:8:252:Infinity:253:8:255:Infinity:256:8:258:Infinity:259:8:261:Infinity:262:8:264:Infinity:265:8:267:Infinity":16,"s:240:6:268:Infinity":115,"s:242:10:242:Infinity":116,"s:243:10:243:Infinity":117,"s:245:10:245:Infinity":118,"f:245:40:245:45":28,"s:245:50:245:97":119,"b:245:50:245:75:245:75:245:97":17,"s:246:10:246:Infinity":120,"s:248:10:248:Infinity":121,"f:248:40:248:45":29,"s:248:50:248:130":122,"b:248:50:248:70:248:70:248:130":18,"s:249:10:249:Infinity":123,"s:251:10:251:Infinity":124,"f:251:40:251:45":30,"s:251:50:251:113":125,"b:251:50:251:67:251:67:251:92:251:92:251:113":19,"s:252:10:252:Infinity":126,"s:254:10:254:Infinity":127,"f:254:40:254:45":31,"s:254:50:254:102":128,"b:254:50:254:61:254:61:254:83:254:83:254:102":20,"s:255:10:255:Infinity":129,"s:257:10:257:Infinity":130,"f:257:40:257:45":32,"s:257:50:257:140":131,"b:257:50:257:60:257:60:257:90:257:90:257:115:257:115:257:140":21,"s:258:10:258:Infinity":132,"s:260:10:260:Infinity":133,"f:260:40:260:45":33,"s:260:50:260:92":134,"b:260:50:260:64:260:64:260:92":22,"s:261:10:261:Infinity":135,"s:263:10:263:Infinity":136,"s:264:10:264:Infinity":137,"s:266:10:266:Infinity":138,"s:267:10:267:Infinity":139,"b:270:6:273:Infinity:undefined:undefined:undefined:undefined":23,"s:270:6:273:Infinity":140,"s:271:8:271:Infinity":141,"s:272:8:272:Infinity":142,"s:274:6:274:Infinity":143,"b:277:4:286:Infinity:undefined:undefined:undefined:undefined":24,"s:277:4:286:Infinity":144,"s:278:6:278:Infinity":145,"s:279:6:279:Infinity":146,"s:281:6:285:Infinity":147,"s:289:8:295:Infinity":148,"f:289:8:289:26":34,"s:290:4:290:Infinity":149,"s:291:4:291:Infinity":150,"s:292:4:292:Infinity":151,"s:293:4:293:Infinity":152,"s:294:4:294:Infinity":153,"s:297:2:317:Infinity":154,"s:321:13:327:Infinity":155,"f:321:13:321:28":35,"s:322:8:322:Infinity":156,"b:323:2:325:Infinity:undefined:undefined:undefined:undefined":25,"s:323:2:325:Infinity":157,"s:324:4:324:Infinity":158,"s:326:2:326:Infinity":159},"fnNames":{}}}
,"C:\\Users\\dell\\Downloads\\$HOMEagy2-projectsmy-first-project\\src\\providers\\ThemeContext.tsx": {"path":"C:\\Users\\dell\\Downloads\\$HOMEagy2-projectsmy-first-project\\src\\providers\\ThemeContext.tsx","statementMap":{"0":{"start":{"line":10,"column":6},"end":{"line":10,"column":null}},"1":{"start":{"line":12,"column":13},"end":{"line":43,"column":null}},"2":{"start":{"line":13,"column":16},"end":{"line":22,"column":null}},"3":{"start":{"line":14,"column":4},"end":{"line":20,"column":null}},"4":{"start":{"line":15,"column":21},"end":{"line":15,"column":null}},"5":{"start":{"line":16,"column":6},"end":{"line":16,"column":null}},"6":{"start":{"line":16,"column":18},"end":{"line":16,"column":null}},"7":{"start":{"line":18,"column":25},"end":{"line":18,"column":null}},"8":{"start":{"line":19,"column":6},"end":{"line":19,"column":null}},"9":{"start":{"line":21,"column":4},"end":{"line":21,"column":null}},"10":{"start":{"line":24,"column":2},"end":{"line":32,"column":null}},"11":{"start":{"line":25,"column":17},"end":{"line":25,"column":null}},"12":{"start":{"line":26,"column":4},"end":{"line":30,"column":null}},"13":{"start":{"line":27,"column":6},"end":{"line":27,"column":null}},"14":{"start":{"line":29,"column":6},"end":{"line":29,"column":null}},"15":{"start":{"line":31,"column":4},"end":{"line":31,"column":null}},"16":{"start":{"line":34,"column":8},"end":{"line":36,"column":null}},"17":{"start":{"line":35,"column":4},"end":{"line":35,"column":null}},"18":{"start":{"line":35,"column":22},"end":{"line":35,"column":58}},"19":{"start":{"line":38,"column":2},"end":{"line":41,"column":null}},"20":{"start":{"line":45,"column":13},"end":{"line":51,"column":null}},"21":{"start":{"line":46,"column":8},"end":{"line":46,"column":null}},"22":{"start":{"line":47,"column":2},"end":{"line":49,"column":null}},"23":{"start":{"line":48,"column":4},"end":{"line":48,"column":null}},"24":{"start":{"line":50,"column":2},"end":{"line":50,"column":null}}},"fnMap":{"0":{"name":"(anonymous_0)","decl":{"start":{"line":12,"column":13},"end":{"line":12,"column":71}},"loc":{"start":{"line":12,"column":88},"end":{"line":43,"column":null}},"line":12},"1":{"name":"(anonymous_1)","decl":{"start":{"line":13,"column":28},"end":{"line":13,"column":50}},"loc":{"start":{"line":13,"column":50},"end":{"line":22,"column":3}},"line":13},"2":{"name":"(anonymous_2)","decl":{"start":{"line":24,"column":2},"end":{"line":24,"column":18}},"loc":{"start":{"line":24,"column":18},"end":{"line":32,"column":5}},"line":24},"3":{"name":"(anonymous_3)","decl":{"start":{"line":34,"column":8},"end":{"line":34,"column":28}},"loc":{"start":{"line":34,"column":28},"end":{"line":36,"column":null}},"line":34},"4":{"name":"(anonymous_4)","decl":{"start":{"line":35,"column":4},"end":{"line":35,"column":13}},"loc":{"start":{"line":35,"column":22},"end":{"line":35,"column":58}},"line":35},"5":{"name":"(anonymous_5)","decl":{"start":{"line":45,"column":13},"end":{"line":45,"column":30}},"loc":{"start":{"line":45,"column":30},"end":{"line":51,"column":null}},"line":45}},"branchMap":{"0":{"loc":{"start":{"line":14,"column":4},"end":{"line":20,"column":null}},"type":"if","locations":[{"start":{"line":14,"column":4},"end":{"line":20,"column":null}},{"start":{},"end":{}}],"line":14},"1":{"loc":{"start":{"line":16,"column":6},"end":{"line":16,"column":null}},"type":"if","locations":[{"start":{"line":16,"column":6},"end":{"line":16,"column":null}},{"start":{},"end":{}}],"line":16},"2":{"loc":{"start":{"line":19,"column":13},"end":{"line":19,"column":null}},"type":"cond-expr","locations":[{"start":{"line":19,"column":34},"end":{"line":19,"column":43}},{"start":{"line":19,"column":43},"end":{"line":19,"column":null}}],"line":19},"3":{"loc":{"start":{"line":26,"column":4},"end":{"line":30,"column":null}},"type":"if","locations":[{"start":{"line":26,"column":4},"end":{"line":30,"column":null}},{"start":{"line":28,"column":11},"end":{"line":30,"column":null}}],"line":26},"4":{"loc":{"start":{"line":35,"column":22},"end":{"line":35,"column":58}},"type":"cond-expr","locations":[{"start":{"line":35,"column":41},"end":{"line":35,"column":50}},{"start":{"line":35,"column":50},"end":{"line":35,"column":58}}],"line":35},"5":{"loc":{"start":{"line":47,"column":2},"end":{"line":49,"column":null}},"type":"if","locations":[{"start":{"line":47,"column":2},"end":{"line":49,"column":null}},{"start":{},"end":{}}],"line":47}},"s":{"0":1,"1":1,"2":2,"3":1,"4":1,"5":1,"6":0,"7":1,"8":1,"9":0,"10":2,"11":2,"12":2,"13":1,"14":1,"15":2,"16":2,"17":1,"18":1,"19":2,"20":1,"21":2,"22":2,"23":0,"24":2},"f":{"0":2,"1":1,"2":2,"3":1,"4":1,"5":2},"b":{"0":[1,0],"1":[0,1],"2":[0,1],"3":[1,1],"4":[1,0],"5":[0,2]},"meta":{"lastBranch":6,"lastFunction":6,"lastStatement":25,"seen":{"s:10:6:10:Infinity":0,"s:12:13:43:Infinity":1,"f:12:13:12:71":0,"s:13:16:22:Infinity":2,"f:13:28:13:50":1,"b:14:4:20:Infinity:undefined:undefined:undefined:undefined":0,"s:14:4:20:Infinity":3,"s:15:21:15:Infinity":4,"b:16:6:16:Infinity:undefined:undefined:undefined:undefined":1,"s:16:6:16:Infinity":5,"s:16:18:16:Infinity":6,"s:18:25:18:Infinity":7,"s:19:6:19:Infinity":8,"b:19:34:19:43:19:43:19:Infinity":2,"s:21:4:21:Infinity":9,"s:24:2:32:Infinity":10,"f:24:2:24:18":2,"s:25:17:25:Infinity":11,"b:26:4:30:Infinity:28:11:30:Infinity":3,"s:26:4:30:Infinity":12,"s:27:6:27:Infinity":13,"s:29:6:29:Infinity":14,"s:31:4:31:Infinity":15,"s:34:8:36:Infinity":16,"f:34:8:34:28":3,"s:35:4:35:Infinity":17,"f:35:4:35:13":4,"s:35:22:35:58":18,"b:35:41:35:50:35:50:35:58":4,"s:38:2:41:Infinity":19,"s:45:13:51:Infinity":20,"f:45:13:45:30":5,"s:46:8:46:Infinity":21,"b:47:2:49:Infinity:undefined:undefined:undefined:undefined":5,"s:47:2:49:Infinity":22,"s:48:4:48:Infinity":23,"s:50:2:50:Infinity":24},"fnNames":{}}}
,"C:\\Users\\dell\\Downloads\\$HOMEagy2-projectsmy-first-project\\src\\repositories\\storageRepository.ts": {"path":"C:\\Users\\dell\\Downloads\\$HOMEagy2-projectsmy-first-project\\src\\repositories\\storageRepository.ts","statementMap":{"0":{"start":{"line":4,"column":20},"end":{"line":4,"column":null}},"1":{"start":{"line":5,"column":17},"end":{"line":5,"column":null}},"2":{"start":{"line":6,"column":23},"end":{"line":6,"column":null}},"3":{"start":{"line":7,"column":19},"end":{"line":7,"column":null}},"4":{"start":{"line":10,"column":32},"end":{"line":20,"column":null}},"5":{"start":{"line":24,"column":27},"end":{"line":24,"column":null}},"6":{"start":{"line":25,"column":14},"end":{"line":25,"column":null}},"7":{"start":{"line":27,"column":2},"end":{"line":114,"column":null}},"8":{"start":{"line":27,"column":15},"end":{"line":27,"column":19}},"9":{"start":{"line":28,"column":17},"end":{"line":28,"column":null}},"10":{"start":{"line":29,"column":4},"end":{"line":29,"column":null}},"11":{"start":{"line":30,"column":20},"end":{"line":30,"column":null}},"12":{"start":{"line":33,"column":22},"end":{"line":33,"column":null}},"13":{"start":{"line":34,"column":22},"end":{"line":34,"column":null}},"14":{"start":{"line":36,"column":21},"end":{"line":36,"column":null}},"15":{"start":{"line":37,"column":17},"end":{"line":39,"column":null}},"16":{"start":{"line":41,"column":16},"end":{"line":41,"column":null}},"17":{"start":{"line":42,"column":19},"end":{"line":42,"column":null}},"18":{"start":{"line":44,"column":25},"end":{"line":44,"column":null}},"19":{"start":{"line":45,"column":26},"end":{"line":45,"column":null}},"20":{"start":{"line":46,"column":23},"end":{"line":46,"column":null}},"21":{"start":{"line":47,"column":24},"end":{"line":47,"column":null}},"22":{"start":{"line":49,"column":26},"end":{"line":49,"column":null}},"23":{"start":{"line":50,"column":29},"end":{"line":50,"column":null}},"24":{"start":{"line":51,"column":24},"end":{"line":51,"column":null}},"25":{"start":{"line":52,"column":24},"end":{"line":52,"column":null}},"26":{"start":{"line":55,"column":19},"end":{"line":55,"column":null}},"27":{"start":{"line":56,"column":4},"end":{"line":62,"column":null}},"28":{"start":{"line":57,"column":6},"end":{"line":57,"column":null}},"29":{"start":{"line":58,"column":11},"end":{"line":62,"column":null}},"30":{"start":{"line":59,"column":6},"end":{"line":59,"column":null}},"31":{"start":{"line":60,"column":11},"end":{"line":62,"column":null}},"32":{"start":{"line":61,"column":6},"end":{"line":61,"column":null}},"33":{"start":{"line":64,"column":20},"end":{"line":64,"column":null}},"34":{"start":{"line":65,"column":21},"end":{"line":65,"column":null}},"35":{"start":{"line":66,"column":21},"end":{"line":69,"column":null}},"36":{"start":{"line":70,"column":25},"end":{"line":73,"column":null}},"37":{"start":{"line":75,"column":18},"end":{"line":75,"column":null}},"38":{"start":{"line":77,"column":4},"end":{"line":113,"column":null}},"39":{"start":{"line":115,"column":2},"end":{"line":115,"column":null}},"40":{"start":{"line":118,"column":33},"end":{"line":243,"column":null}},"41":{"start":{"line":120,"column":4},"end":{"line":137,"column":null}},"42":{"start":{"line":121,"column":19},"end":{"line":121,"column":null}},"43":{"start":{"line":122,"column":6},"end":{"line":122,"column":null}},"44":{"start":{"line":122,"column":16},"end":{"line":122,"column":null}},"45":{"start":{"line":125,"column":42},"end":{"line":131,"column":null}},"46":{"start":{"line":132,"column":6},"end":{"line":132,"column":null}},"47":{"start":{"line":133,"column":6},"end":{"line":133,"column":null}},"48":{"start":{"line":135,"column":6},"end":{"line":135,"column":null}},"49":{"start":{"line":136,"column":6},"end":{"line":136,"column":null}},"50":{"start":{"line":141,"column":4},"end":{"line":145,"column":null}},"51":{"start":{"line":142,"column":6},"end":{"line":142,"column":null}},"52":{"start":{"line":144,"column":6},"end":{"line":144,"column":null}},"53":{"start":{"line":149,"column":4},"end":{"line":160,"column":null}},"54":{"start":{"line":150,"column":19},"end":{"line":150,"column":null}},"55":{"start":{"line":151,"column":6},"end":{"line":151,"column":null}},"56":{"start":{"line":151,"column":16},"end":{"line":151,"column":null}},"57":{"start":{"line":154,"column":23},"end":{"line":154,"column":null}},"58":{"start":{"line":155,"column":6},"end":{"line":155,"column":null}},"59":{"start":{"line":156,"column":6},"end":{"line":156,"column":null}},"60":{"start":{"line":158,"column":6},"end":{"line":158,"column":null}},"61":{"start":{"line":159,"column":6},"end":{"line":159,"column":null}},"62":{"start":{"line":164,"column":4},"end":{"line":168,"column":null}},"63":{"start":{"line":165,"column":6},"end":{"line":165,"column":null}},"64":{"start":{"line":167,"column":6},"end":{"line":167,"column":null}},"65":{"start":{"line":172,"column":4},"end":{"line":191,"column":null}},"66":{"start":{"line":173,"column":19},"end":{"line":173,"column":null}},"67":{"start":{"line":174,"column":6},"end":{"line":174,"column":null}},"68":{"start":{"line":174,"column":16},"end":{"line":174,"column":null}},"69":{"start":{"line":177,"column":47},"end":{"line":185,"column":null}},"70":{"start":{"line":186,"column":6},"end":{"line":186,"column":null}},"71":{"start":{"line":187,"column":6},"end":{"line":187,"column":null}},"72":{"start":{"line":189,"column":6},"end":{"line":189,"column":null}},"73":{"start":{"line":190,"column":6},"end":{"line":190,"column":null}},"74":{"start":{"line":195,"column":4},"end":{"line":199,"column":null}},"75":{"start":{"line":196,"column":6},"end":{"line":196,"column":null}},"76":{"start":{"line":198,"column":6},"end":{"line":198,"column":null}},"77":{"start":{"line":203,"column":4},"end":{"line":226,"column":null}},"78":{"start":{"line":204,"column":19},"end":{"line":204,"column":null}},"79":{"start":{"line":205,"column":6},"end":{"line":213,"column":null}},"80":{"start":{"line":207,"column":32},"end":{"line":207,"column":null}},"81":{"start":{"line":208,"column":23},"end":{"line":211,"column":null}},"82":{"start":{"line":209,"column":26},"end":{"line":209,"column":null}},"83":{"start":{"line":209,"column":43},"end":{"line":209,"column":58}},"84":{"start":{"line":210,"column":10},"end":{"line":210,"column":null}},"85":{"start":{"line":212,"column":8},"end":{"line":212,"column":null}},"86":{"start":{"line":216,"column":28},"end":{"line":216,"column":null}},"87":{"start":{"line":217,"column":25},"end":{"line":217,"column":null}},"88":{"start":{"line":218,"column":6},"end":{"line":218,"column":null}},"89":{"start":{"line":219,"column":6},"end":{"line":219,"column":null}},"90":{"start":{"line":221,"column":6},"end":{"line":221,"column":null}},"91":{"start":{"line":222,"column":6},"end":{"line":222,"column":null}},"92":{"start":{"line":224,"column":6},"end":{"line":224,"column":null}},"93":{"start":{"line":225,"column":6},"end":{"line":225,"column":null}},"94":{"start":{"line":230,"column":4},"end":{"line":234,"column":null}},"95":{"start":{"line":231,"column":6},"end":{"line":231,"column":null}},"96":{"start":{"line":233,"column":6},"end":{"line":233,"column":null}},"97":{"start":{"line":238,"column":4},"end":{"line":238,"column":null}},"98":{"start":{"line":239,"column":4},"end":{"line":239,"column":null}},"99":{"start":{"line":240,"column":4},"end":{"line":240,"column":null}},"100":{"start":{"line":241,"column":4},"end":{"line":241,"column":null}}},"fnMap":{"0":{"name":"generateSeedLogs","decl":{"start":{"line":23,"column":9},"end":{"line":23,"column":40}},"loc":{"start":{"line":23,"column":40},"end":{"line":116,"column":null}},"line":23},"1":{"name":"getProfile","decl":{"start":{"line":119,"column":2},"end":{"line":119,"column":28}},"loc":{"start":{"line":119,"column":28},"end":{"line":138,"column":null}},"line":119},"2":{"name":"saveProfile","decl":{"start":{"line":140,"column":2},"end":{"line":140,"column":14}},"loc":{"start":{"line":140,"column":42},"end":{"line":146,"column":null}},"line":140},"3":{"name":"getLogs","decl":{"start":{"line":148,"column":2},"end":{"line":148,"column":24}},"loc":{"start":{"line":148,"column":24},"end":{"line":161,"column":null}},"line":148},"4":{"name":"saveLogs","decl":{"start":{"line":163,"column":2},"end":{"line":163,"column":11}},"loc":{"start":{"line":163,"column":35},"end":{"line":169,"column":null}},"line":163},"5":{"name":"getActiveChallenges","decl":{"start":{"line":171,"column":2},"end":{"line":171,"column":43}},"loc":{"start":{"line":171,"column":43},"end":{"line":192,"column":null}},"line":171},"6":{"name":"saveActiveChallenges","decl":{"start":{"line":194,"column":2},"end":{"line":194,"column":23}},"loc":{"start":{"line":194,"column":60},"end":{"line":200,"column":null}},"line":194},"7":{"name":"getBadges","decl":{"start":{"line":202,"column":2},"end":{"line":202,"column":23}},"loc":{"start":{"line":202,"column":23},"end":{"line":227,"column":null}},"line":202},"8":{"name":"(anonymous_8)","decl":{"start":{"line":208,"column":38},"end":{"line":208,"column":42}},"loc":{"start":{"line":208,"column":49},"end":{"line":211,"column":9}},"line":208},"9":{"name":"(anonymous_9)","decl":{"start":{"line":209,"column":33},"end":{"line":209,"column":38}},"loc":{"start":{"line":209,"column":43},"end":{"line":209,"column":58}},"line":209},"10":{"name":"saveBadges","decl":{"start":{"line":229,"column":2},"end":{"line":229,"column":13}},"loc":{"start":{"line":229,"column":36},"end":{"line":235,"column":null}},"line":229},"11":{"name":"clearAll","decl":{"start":{"line":237,"column":2},"end":{"line":237,"column":19}},"loc":{"start":{"line":237,"column":19},"end":{"line":242,"column":null}},"line":237}},"branchMap":{"0":{"loc":{"start":{"line":34,"column":22},"end":{"line":34,"column":null}},"type":"binary-expr","locations":[{"start":{"line":34,"column":22},"end":{"line":34,"column":41}},{"start":{"line":34,"column":41},"end":{"line":34,"column":null}}],"line":34},"1":{"loc":{"start":{"line":36,"column":21},"end":{"line":36,"column":null}},"type":"cond-expr","locations":[{"start":{"line":36,"column":33},"end":{"line":36,"column":59}},{"start":{"line":36,"column":59},"end":{"line":36,"column":null}}],"line":36},"2":{"loc":{"start":{"line":37,"column":17},"end":{"line":39,"column":null}},"type":"cond-expr","locations":[{"start":{"line":38,"column":9},"end":{"line":38,"column":null}},{"start":{"line":39,"column":9},"end":{"line":39,"column":null}}],"line":37},"3":{"loc":{"start":{"line":38,"column":9},"end":{"line":38,"column":null}},"type":"cond-expr","locations":[{"start":{"line":38,"column":31},"end":{"line":38,"column":39}},{"start":{"line":38,"column":39},"end":{"line":38,"column":null}}],"line":38},"4":{"loc":{"start":{"line":39,"column":9},"end":{"line":39,"column":null}},"type":"cond-expr","locations":[{"start":{"line":39,"column":31},"end":{"line":39,"column":41}},{"start":{"line":39,"column":41},"end":{"line":39,"column":null}}],"line":39},"5":{"loc":{"start":{"line":41,"column":41},"end":{"line":41,"column":null}},"type":"cond-expr","locations":[{"start":{"line":41,"column":53},"end":{"line":41,"column":57}},{"start":{"line":41,"column":57},"end":{"line":41,"column":null}}],"line":41},"6":{"loc":{"start":{"line":44,"column":25},"end":{"line":44,"column":null}},"type":"cond-expr","locations":[{"start":{"line":44,"column":47},"end":{"line":44,"column":52}},{"start":{"line":44,"column":52},"end":{"line":44,"column":null}}],"line":44},"7":{"loc":{"start":{"line":44,"column":52},"end":{"line":44,"column":null}},"type":"cond-expr","locations":[{"start":{"line":44,"column":74},"end":{"line":44,"column":78}},{"start":{"line":44,"column":78},"end":{"line":44,"column":null}}],"line":44},"8":{"loc":{"start":{"line":46,"column":23},"end":{"line":46,"column":null}},"type":"cond-expr","locations":[{"start":{"line":46,"column":44},"end":{"line":46,"column":48}},{"start":{"line":46,"column":48},"end":{"line":46,"column":null}}],"line":46},"9":{"loc":{"start":{"line":49,"column":26},"end":{"line":49,"column":null}},"type":"cond-expr","locations":[{"start":{"line":49,"column":49},"end":{"line":49,"column":53}},{"start":{"line":49,"column":53},"end":{"line":49,"column":null}}],"line":49},"10":{"loc":{"start":{"line":50,"column":29},"end":{"line":50,"column":null}},"type":"cond-expr","locations":[{"start":{"line":50,"column":52},"end":{"line":50,"column":56}},{"start":{"line":50,"column":56},"end":{"line":50,"column":null}}],"line":50},"11":{"loc":{"start":{"line":56,"column":4},"end":{"line":62,"column":null}},"type":"if","locations":[{"start":{"line":56,"column":4},"end":{"line":62,"column":null}},{"start":{"line":58,"column":11},"end":{"line":62,"column":null}}],"line":56},"12":{"loc":{"start":{"line":58,"column":11},"end":{"line":62,"column":null}},"type":"if","locations":[{"start":{"line":58,"column":11},"end":{"line":62,"column":null}},{"start":{"line":60,"column":11},"end":{"line":62,"column":null}}],"line":58},"13":{"loc":{"start":{"line":60,"column":11},"end":{"line":62,"column":null}},"type":"if","locations":[{"start":{"line":60,"column":11},"end":{"line":62,"column":null}},{"start":{},"end":{}}],"line":60},"14":{"loc":{"start":{"line":83,"column":18},"end":{"line":83,"column":null}},"type":"cond-expr","locations":[{"start":{"line":83,"column":35},"end":{"line":83,"column":48}},{"start":{"line":83,"column":48},"end":{"line":83,"column":null}}],"line":83},"15":{"loc":{"start":{"line":84,"column":21},"end":{"line":84,"column":null}},"type":"cond-expr","locations":[{"start":{"line":84,"column":38},"end":{"line":84,"column":49}},{"start":{"line":84,"column":49},"end":{"line":84,"column":null}}],"line":84},"16":{"loc":{"start":{"line":122,"column":6},"end":{"line":122,"column":null}},"type":"if","locations":[{"start":{"line":122,"column":6},"end":{"line":122,"column":null}},{"start":{},"end":{}}],"line":122},"17":{"loc":{"start":{"line":151,"column":6},"end":{"line":151,"column":null}},"type":"if","locations":[{"start":{"line":151,"column":6},"end":{"line":151,"column":null}},{"start":{},"end":{}}],"line":151},"18":{"loc":{"start":{"line":174,"column":6},"end":{"line":174,"column":null}},"type":"if","locations":[{"start":{"line":174,"column":6},"end":{"line":174,"column":null}},{"start":{},"end":{}}],"line":174},"19":{"loc":{"start":{"line":205,"column":6},"end":{"line":213,"column":null}},"type":"if","locations":[{"start":{"line":205,"column":6},"end":{"line":213,"column":null}},{"start":{},"end":{}}],"line":205},"20":{"loc":{"start":{"line":210,"column":17},"end":{"line":210,"column":null}},"type":"cond-expr","locations":[{"start":{"line":210,"column":27},"end":{"line":210,"column":72}},{"start":{"line":210,"column":72},"end":{"line":210,"column":null}}],"line":210}},"s":{"0":1,"1":1,"2":1,"3":1,"4":1,"5":7,"6":7,"7":7,"8":7,"9":105,"10":105,"11":105,"12":105,"13":105,"14":105,"15":105,"16":105,"17":105,"18":105,"19":105,"20":105,"21":105,"22":105,"23":105,"24":105,"25":105,"26":105,"27":105,"28":42,"29":63,"30":55,"31":8,"32":8,"33":105,"34":105,"35":105,"36":105,"37":105,"38":105,"39":7,"40":1,"41":7,"42":7,"43":7,"44":0,"45":7,"46":7,"47":7,"48":0,"49":0,"50":14,"51":14,"52":0,"53":7,"54":7,"55":7,"56":0,"57":7,"58":7,"59":7,"60":0,"61":0,"62":13,"63":13,"64":0,"65":7,"66":7,"67":7,"68":0,"69":7,"70":7,"71":7,"72":0,"73":0,"74":9,"75":9,"76":0,"77":7,"78":7,"79":7,"80":0,"81":0,"82":0,"83":0,"84":0,"85":0,"86":7,"87":7,"88":7,"89":7,"90":7,"91":7,"92":0,"93":0,"94":13,"95":13,"96":0,"97":1,"98":1,"99":1,"100":1},"f":{"0":7,"1":7,"2":14,"3":7,"4":13,"5":7,"6":9,"7":7,"8":0,"9":0,"10":13,"11":1},"b":{"0":[105,91],"1":[28,77],"2":[28,77],"3":[20,8],"4":[55,22],"5":[28,77],"6":[43,62],"7":[39,23],"8":[23,82],"9":[16,89],"10":[6,99],"11":[42,63],"12":[55,8],"13":[8,0],"14":[42,63],"15":[42,63],"16":[0,7],"17":[0,7],"18":[0,7],"19":[0,7],"20":[0,0]},"meta":{"lastBranch":21,"lastFunction":12,"lastStatement":101,"seen":{"s:4:20:4:Infinity":0,"s:5:17:5:Infinity":1,"s:6:23:6:Infinity":2,"s:7:19:7:Infinity":3,"s:10:32:20:Infinity":4,"f:23:9:23:40":0,"s:24:27:24:Infinity":5,"s:25:14:25:Infinity":6,"s:27:2:114:Infinity":7,"s:27:15:27:19":8,"s:28:17:28:Infinity":9,"s:29:4:29:Infinity":10,"s:30:20:30:Infinity":11,"s:33:22:33:Infinity":12,"s:34:22:34:Infinity":13,"b:34:22:34:41:34:41:34:Infinity":0,"s:36:21:36:Infinity":14,"b:36:33:36:59:36:59:36:Infinity":1,"s:37:17:39:Infinity":15,"b:38:9:38:Infinity:39:9:39:Infinity":2,"b:38:31:38:39:38:39:38:Infinity":3,"b:39:31:39:41:39:41:39:Infinity":4,"s:41:16:41:Infinity":16,"b:41:53:41:57:41:57:41:Infinity":5,"s:42:19:42:Infinity":17,"s:44:25:44:Infinity":18,"b:44:47:44:52:44:52:44:Infinity":6,"b:44:74:44:78:44:78:44:Infinity":7,"s:45:26:45:Infinity":19,"s:46:23:46:Infinity":20,"b:46:44:46:48:46:48:46:Infinity":8,"s:47:24:47:Infinity":21,"s:49:26:49:Infinity":22,"b:49:49:49:53:49:53:49:Infinity":9,"s:50:29:50:Infinity":23,"b:50:52:50:56:50:56:50:Infinity":10,"s:51:24:51:Infinity":24,"s:52:24:52:Infinity":25,"s:55:19:55:Infinity":26,"b:56:4:62:Infinity:58:11:62:Infinity":11,"s:56:4:62:Infinity":27,"s:57:6:57:Infinity":28,"b:58:11:62:Infinity:60:11:62:Infinity":12,"s:58:11:62:Infinity":29,"s:59:6:59:Infinity":30,"b:60:11:62:Infinity:undefined:undefined:undefined:undefined":13,"s:60:11:62:Infinity":31,"s:61:6:61:Infinity":32,"s:64:20:64:Infinity":33,"s:65:21:65:Infinity":34,"s:66:21:69:Infinity":35,"s:70:25:73:Infinity":36,"s:75:18:75:Infinity":37,"s:77:4:113:Infinity":38,"b:83:35:83:48:83:48:83:Infinity":14,"b:84:38:84:49:84:49:84:Infinity":15,"s:115:2:115:Infinity":39,"s:118:33:243:Infinity":40,"f:119:2:119:28":1,"s:120:4:137:Infinity":41,"s:121:19:121:Infinity":42,"b:122:6:122:Infinity:undefined:undefined:undefined:undefined":16,"s:122:6:122:Infinity":43,"s:122:16:122:Infinity":44,"s:125:42:131:Infinity":45,"s:132:6:132:Infinity":46,"s:133:6:133:Infinity":47,"s:135:6:135:Infinity":48,"s:136:6:136:Infinity":49,"f:140:2:140:14":2,"s:141:4:145:Infinity":50,"s:142:6:142:Infinity":51,"s:144:6:144:Infinity":52,"f:148:2:148:24":3,"s:149:4:160:Infinity":53,"s:150:19:150:Infinity":54,"b:151:6:151:Infinity:undefined:undefined:undefined:undefined":17,"s:151:6:151:Infinity":55,"s:151:16:151:Infinity":56,"s:154:23:154:Infinity":57,"s:155:6:155:Infinity":58,"s:156:6:156:Infinity":59,"s:158:6:158:Infinity":60,"s:159:6:159:Infinity":61,"f:163:2:163:11":4,"s:164:4:168:Infinity":62,"s:165:6:165:Infinity":63,"s:167:6:167:Infinity":64,"f:171:2:171:43":5,"s:172:4:191:Infinity":65,"s:173:19:173:Infinity":66,"b:174:6:174:Infinity:undefined:undefined:undefined:undefined":18,"s:174:6:174:Infinity":67,"s:174:16:174:Infinity":68,"s:177:47:185:Infinity":69,"s:186:6:186:Infinity":70,"s:187:6:187:Infinity":71,"s:189:6:189:Infinity":72,"s:190:6:190:Infinity":73,"f:194:2:194:23":6,"s:195:4:199:Infinity":74,"s:196:6:196:Infinity":75,"s:198:6:198:Infinity":76,"f:202:2:202:23":7,"s:203:4:226:Infinity":77,"s:204:19:204:Infinity":78,"b:205:6:213:Infinity:undefined:undefined:undefined:undefined":19,"s:205:6:213:Infinity":79,"s:207:32:207:Infinity":80,"s:208:23:211:Infinity":81,"f:208:38:208:42":8,"s:209:26:209:Infinity":82,"f:209:33:209:38":9,"s:209:43:209:58":83,"s:210:10:210:Infinity":84,"b:210:27:210:72:210:72:210:Infinity":20,"s:212:8:212:Infinity":85,"s:216:28:216:Infinity":86,"s:217:25:217:Infinity":87,"s:218:6:218:Infinity":88,"s:219:6:219:Infinity":89,"s:221:6:221:Infinity":90,"s:222:6:222:Infinity":91,"s:224:6:224:Infinity":92,"s:225:6:225:Infinity":93,"f:229:2:229:13":10,"s:230:4:234:Infinity":94,"s:231:6:231:Infinity":95,"s:233:6:233:Infinity":96,"f:237:2:237:19":11,"s:238:4:238:Infinity":97,"s:239:4:239:Infinity":98,"s:240:4:240:Infinity":99,"s:241:4:241:Infinity":100},"fnNames":{}}}
,"C:\\Users\\dell\\Downloads\\$HOMEagy2-projectsmy-first-project\\src\\services\\aiCoachService.ts": {"path":"C:\\Users\\dell\\Downloads\\$HOMEagy2-projectsmy-first-project\\src\\services\\aiCoachService.ts","statementMap":{"0":{"start":{"line":3,"column":30},"end":{"line":221,"column":null}},"1":{"start":{"line":12,"column":19},"end":{"line":12,"column":null}},"2":{"start":{"line":15,"column":21},"end":{"line":15,"column":null}},"3":{"start":{"line":16,"column":24},"end":{"line":16,"column":null}},"4":{"start":{"line":17,"column":21},"end":{"line":17,"column":null}},"5":{"start":{"line":17,"column":62},"end":{"line":17,"column":69}},"6":{"start":{"line":20,"column":4},"end":{"line":27,"column":null}},"7":{"start":{"line":21,"column":6},"end":{"line":26,"column":null}},"8":{"start":{"line":22,"column":25},"end":{"line":22,"column":null}},"9":{"start":{"line":23,"column":8},"end":{"line":23,"column":null}},"10":{"start":{"line":23,"column":22},"end":{"line":23,"column":null}},"11":{"start":{"line":25,"column":8},"end":{"line":25,"column":null}},"12":{"start":{"line":30,"column":4},"end":{"line":30,"column":null}},"13":{"start":{"line":34,"column":4},"end":{"line":34,"column":null}},"14":{"start":{"line":34,"column":30},"end":{"line":34,"column":null}},"15":{"start":{"line":36,"column":17},"end":{"line":36,"column":null}},"16":{"start":{"line":37,"column":4},"end":{"line":43,"column":null}},"17":{"start":{"line":38,"column":6},"end":{"line":38,"column":null}},"18":{"start":{"line":39,"column":6},"end":{"line":39,"column":null}},"19":{"start":{"line":40,"column":6},"end":{"line":40,"column":null}},"20":{"start":{"line":41,"column":6},"end":{"line":41,"column":null}},"21":{"start":{"line":42,"column":6},"end":{"line":42,"column":null}},"22":{"start":{"line":45,"column":18},"end":{"line":45,"column":null}},"23":{"start":{"line":46,"column":4},"end":{"line":52,"column":null}},"24":{"start":{"line":56,"column":17},"end":{"line":56,"column":null}},"25":{"start":{"line":57,"column":17},"end":{"line":57,"column":null}},"26":{"start":{"line":59,"column":4},"end":{"line":64,"column":null}},"27":{"start":{"line":60,"column":6},"end":{"line":63,"column":null}},"28":{"start":{"line":61,"column":8},"end":{"line":61,"column":null}},"29":{"start":{"line":62,"column":8},"end":{"line":62,"column":null}},"30":{"start":{"line":66,"column":4},"end":{"line":66,"column":null}},"31":{"start":{"line":77,"column":18},"end":{"line":77,"column":null}},"32":{"start":{"line":78,"column":16},"end":{"line":78,"column":null}},"33":{"start":{"line":80,"column":26},"end":{"line":95,"column":null}},"34":{"start":{"line":98,"column":21},"end":{"line":114,"column":null}},"35":{"start":{"line":116,"column":4},"end":{"line":118,"column":null}},"36":{"start":{"line":117,"column":6},"end":{"line":117,"column":null}},"37":{"start":{"line":120,"column":17},"end":{"line":120,"column":null}},"38":{"start":{"line":121,"column":4},"end":{"line":121,"column":null}},"39":{"start":{"line":131,"column":16},"end":{"line":131,"column":null}},"40":{"start":{"line":134,"column":4},"end":{"line":140,"column":null}},"41":{"start":{"line":135,"column":6},"end":{"line":135,"column":null}},"42":{"start":{"line":143,"column":4},"end":{"line":163,"column":null}},"43":{"start":{"line":144,"column":18},"end":{"line":144,"column":null}},"44":{"start":{"line":145,"column":19},"end":{"line":145,"column":null}},"45":{"start":{"line":146,"column":6},"end":{"line":156,"column":null}},"46":{"start":{"line":147,"column":8},"end":{"line":147,"column":null}},"47":{"start":{"line":148,"column":13},"end":{"line":156,"column":null}},"48":{"start":{"line":149,"column":8},"end":{"line":149,"column":null}},"49":{"start":{"line":150,"column":13},"end":{"line":156,"column":null}},"50":{"start":{"line":151,"column":8},"end":{"line":151,"column":null}},"51":{"start":{"line":152,"column":13},"end":{"line":156,"column":null}},"52":{"start":{"line":153,"column":8},"end":{"line":153,"column":null}},"53":{"start":{"line":155,"column":8},"end":{"line":155,"column":null}},"54":{"start":{"line":158,"column":6},"end":{"line":160,"column":null}},"55":{"start":{"line":166,"column":4},"end":{"line":198,"column":null}},"56":{"start":{"line":167,"column":6},"end":{"line":173,"column":null}},"57":{"start":{"line":168,"column":8},"end":{"line":168,"column":null}},"58":{"start":{"line":175,"column":6},"end":{"line":181,"column":null}},"59":{"start":{"line":176,"column":8},"end":{"line":176,"column":null}},"60":{"start":{"line":183,"column":6},"end":{"line":189,"column":null}},"61":{"start":{"line":184,"column":8},"end":{"line":184,"column":null}},"62":{"start":{"line":192,"column":6},"end":{"line":192,"column":null}},"63":{"start":{"line":201,"column":4},"end":{"line":214,"column":null}},"64":{"start":{"line":202,"column":29},"end":{"line":202,"column":null}},"65":{"start":{"line":203,"column":12},"end":{"line":203,"column":null}},"66":{"start":{"line":204,"column":12},"end":{"line":204,"column":null}},"67":{"start":{"line":206,"column":6},"end":{"line":213,"column":null}},"68":{"start":{"line":217,"column":4},"end":{"line":217,"column":null}}},"fnMap":{"0":{"name":"generateCoaching","decl":{"start":{"line":7,"column":8},"end":{"line":7,"column":null}},"loc":{"start":{"line":11,"column":21},"end":{"line":31,"column":null}},"line":11},"1":{"name":"(anonymous_1)","decl":{"start":{"line":17,"column":45},"end":{"line":17,"column":53}},"loc":{"start":{"line":17,"column":62},"end":{"line":17,"column":69}},"line":17},"2":{"name":"getCategoryAverages","decl":{"start":{"line":33,"column":2},"end":{"line":33,"column":22}},"loc":{"start":{"line":33,"column":70},"end":{"line":53,"column":null}},"line":33},"3":{"name":"(anonymous_3)","decl":{"start":{"line":37,"column":12},"end":{"line":37,"column":20}},"loc":{"start":{"line":37,"column":27},"end":{"line":43,"column":5}},"line":37},"4":{"name":"getTopEmissionCategory","decl":{"start":{"line":55,"column":2},"end":{"line":55,"column":25}},"loc":{"start":{"line":55,"column":99},"end":{"line":67,"column":null}},"line":55},"5":{"name":"(anonymous_5)","decl":{"start":{"line":59,"column":29},"end":{"line":59,"column":38}},"loc":{"start":{"line":59,"column":53},"end":{"line":64,"column":5}},"line":59},"6":{"name":"callGeminiAPI","decl":{"start":{"line":69,"column":8},"end":{"line":69,"column":null}},"loc":{"start":{"line":76,"column":28},"end":{"line":122,"column":null}},"line":76},"7":{"name":"getLocalCoachHeuristics","decl":{"start":{"line":124,"column":2},"end":{"line":124,"column":null}},"loc":{"start":{"line":130,"column":12},"end":{"line":220,"column":null}},"line":130}},"branchMap":{"0":{"loc":{"start":{"line":20,"column":4},"end":{"line":27,"column":null}},"type":"if","locations":[{"start":{"line":20,"column":4},"end":{"line":27,"column":null}},{"start":{},"end":{}}],"line":20},"1":{"loc":{"start":{"line":20,"column":8},"end":{"line":20,"column":50}},"type":"binary-expr","locations":[{"start":{"line":20,"column":8},"end":{"line":20,"column":18}},{"start":{"line":20,"column":18},"end":{"line":20,"column":50}}],"line":20},"2":{"loc":{"start":{"line":23,"column":8},"end":{"line":23,"column":null}},"type":"if","locations":[{"start":{"line":23,"column":8},"end":{"line":23,"column":null}},{"start":{},"end":{}}],"line":23},"3":{"loc":{"start":{"line":34,"column":4},"end":{"line":34,"column":null}},"type":"if","locations":[{"start":{"line":34,"column":4},"end":{"line":34,"column":null}},{"start":{},"end":{}}],"line":34},"4":{"loc":{"start":{"line":60,"column":6},"end":{"line":63,"column":null}},"type":"if","locations":[{"start":{"line":60,"column":6},"end":{"line":63,"column":null}},{"start":{},"end":{}}],"line":60},"5":{"loc":{"start":{"line":116,"column":4},"end":{"line":118,"column":null}},"type":"if","locations":[{"start":{"line":116,"column":4},"end":{"line":118,"column":null}},{"start":{},"end":{}}],"line":116},"6":{"loc":{"start":{"line":121,"column":11},"end":{"line":121,"column":null}},"type":"binary-expr","locations":[{"start":{"line":121,"column":11},"end":{"line":121,"column":62}},{"start":{"line":121,"column":62},"end":{"line":121,"column":null}}],"line":121},"7":{"loc":{"start":{"line":134,"column":4},"end":{"line":140,"column":null}},"type":"if","locations":[{"start":{"line":134,"column":4},"end":{"line":140,"column":null}},{"start":{},"end":{}}],"line":134},"8":{"loc":{"start":{"line":134,"column":8},"end":{"line":134,"column":65}},"type":"binary-expr","locations":[{"start":{"line":134,"column":8},"end":{"line":134,"column":32}},{"start":{"line":134,"column":32},"end":{"line":134,"column":65}}],"line":134},"9":{"loc":{"start":{"line":143,"column":4},"end":{"line":163,"column":null}},"type":"if","locations":[{"start":{"line":143,"column":4},"end":{"line":163,"column":null}},{"start":{},"end":{}}],"line":143},"10":{"loc":{"start":{"line":143,"column":8},"end":{"line":143,"column":118}},"type":"binary-expr","locations":[{"start":{"line":143,"column":8},"end":{"line":143,"column":35}},{"start":{"line":143,"column":35},"end":{"line":143,"column":62}},{"start":{"line":143,"column":62},"end":{"line":143,"column":93}},{"start":{"line":143,"column":93},"end":{"line":143,"column":118}}],"line":143},"11":{"loc":{"start":{"line":144,"column":18},"end":{"line":144,"column":null}},"type":"cond-expr","locations":[{"start":{"line":144,"column":33},"end":{"line":144,"column":84}},{"start":{"line":144,"column":84},"end":{"line":144,"column":null}}],"line":144},"12":{"loc":{"start":{"line":146,"column":6},"end":{"line":156,"column":null}},"type":"if","locations":[{"start":{"line":146,"column":6},"end":{"line":156,"column":null}},{"start":{"line":148,"column":13},"end":{"line":156,"column":null}}],"line":146},"13":{"loc":{"start":{"line":148,"column":13},"end":{"line":156,"column":null}},"type":"if","locations":[{"start":{"line":148,"column":13},"end":{"line":156,"column":null}},{"start":{"line":150,"column":13},"end":{"line":156,"column":null}}],"line":148},"14":{"loc":{"start":{"line":150,"column":13},"end":{"line":156,"column":null}},"type":"if","locations":[{"start":{"line":150,"column":13},"end":{"line":156,"column":null}},{"start":{"line":152,"column":13},"end":{"line":156,"column":null}}],"line":150},"15":{"loc":{"start":{"line":152,"column":13},"end":{"line":156,"column":null}},"type":"if","locations":[{"start":{"line":152,"column":13},"end":{"line":156,"column":null}},{"start":{"line":154,"column":13},"end":{"line":156,"column":null}}],"line":152},"16":{"loc":{"start":{"line":166,"column":4},"end":{"line":198,"column":null}},"type":"if","locations":[{"start":{"line":166,"column":4},"end":{"line":198,"column":null}},{"start":{},"end":{}}],"line":166},"17":{"loc":{"start":{"line":166,"column":8},"end":{"line":166,"column":140}},"type":"binary-expr","locations":[{"start":{"line":166,"column":8},"end":{"line":166,"column":34}},{"start":{"line":166,"column":34},"end":{"line":166,"column":58}},{"start":{"line":166,"column":58},"end":{"line":166,"column":84}},{"start":{"line":166,"column":84},"end":{"line":166,"column":108}},{"start":{"line":166,"column":108},"end":{"line":166,"column":140}}],"line":166},"18":{"loc":{"start":{"line":167,"column":6},"end":{"line":173,"column":null}},"type":"if","locations":[{"start":{"line":167,"column":6},"end":{"line":173,"column":null}},{"start":{},"end":{}}],"line":167},"19":{"loc":{"start":{"line":167,"column":10},"end":{"line":167,"column":129}},"type":"binary-expr","locations":[{"start":{"line":167,"column":10},"end":{"line":167,"column":34}},{"start":{"line":167,"column":34},"end":{"line":167,"column":69}},{"start":{"line":167,"column":69},"end":{"line":167,"column":99}},{"start":{"line":167,"column":99},"end":{"line":167,"column":129}}],"line":167},"20":{"loc":{"start":{"line":175,"column":6},"end":{"line":181,"column":null}},"type":"if","locations":[{"start":{"line":175,"column":6},"end":{"line":181,"column":null}},{"start":{},"end":{}}],"line":175},"21":{"loc":{"start":{"line":175,"column":10},"end":{"line":175,"column":132}},"type":"binary-expr","locations":[{"start":{"line":175,"column":10},"end":{"line":175,"column":39}},{"start":{"line":175,"column":39},"end":{"line":175,"column":62}},{"start":{"line":175,"column":62},"end":{"line":175,"column":89}},{"start":{"line":175,"column":89},"end":{"line":175,"column":132}}],"line":175},"22":{"loc":{"start":{"line":183,"column":6},"end":{"line":189,"column":null}},"type":"if","locations":[{"start":{"line":183,"column":6},"end":{"line":189,"column":null}},{"start":{},"end":{}}],"line":183},"23":{"loc":{"start":{"line":183,"column":10},"end":{"line":183,"column":132}},"type":"binary-expr","locations":[{"start":{"line":183,"column":10},"end":{"line":183,"column":41}},{"start":{"line":183,"column":41},"end":{"line":183,"column":67}},{"start":{"line":183,"column":67},"end":{"line":183,"column":92}},{"start":{"line":183,"column":92},"end":{"line":183,"column":132}}],"line":183},"24":{"loc":{"start":{"line":201,"column":4},"end":{"line":214,"column":null}},"type":"if","locations":[{"start":{"line":201,"column":4},"end":{"line":214,"column":null}},{"start":{},"end":{}}],"line":201},"25":{"loc":{"start":{"line":201,"column":8},"end":{"line":201,"column":87}},"type":"binary-expr","locations":[{"start":{"line":201,"column":8},"end":{"line":201,"column":36}},{"start":{"line":201,"column":36},"end":{"line":201,"column":62}},{"start":{"line":201,"column":62},"end":{"line":201,"column":87}}],"line":201}},"s":{"0":1,"1":0,"2":0,"3":0,"4":0,"5":0,"6":0,"7":0,"8":0,"9":0,"10":0,"11":0,"12":0,"13":4,"14":0,"15":4,"16":4,"17":8,"18":8,"19":8,"20":8,"21":8,"22":4,"23":4,"24":2,"25":2,"26":2,"27":10,"28":2,"29":2,"30":2,"31":0,"32":0,"33":0,"34":0,"35":0,"36":0,"37":0,"38":0,"39":2,"40":2,"41":1,"42":1,"43":1,"44":1,"45":1,"46":1,"47":0,"48":0,"49":0,"50":0,"51":0,"52":0,"53":0,"54":1,"55":0,"56":0,"57":0,"58":0,"59":0,"60":0,"61":0,"62":0,"63":0,"64":0,"65":0,"66":0,"67":0,"68":0},"f":{"0":0,"1":0,"2":4,"3":8,"4":2,"5":10,"6":0,"7":2},"b":{"0":[0,0],"1":[0,0],"2":[0,0],"3":[0,4],"4":[2,8],"5":[0,0],"6":[0,0],"7":[1,1],"8":[2,1],"9":[1,0],"10":[1,0,0,0],"11":[1,0],"12":[1,0],"13":[0,0],"14":[0,0],"15":[0,0],"16":[0,0],"17":[0,0,0,0,0],"18":[0,0],"19":[0,0,0,0],"20":[0,0],"21":[0,0,0,0],"22":[0,0],"23":[0,0,0,0],"24":[0,0],"25":[0,0,0]},"meta":{"lastBranch":26,"lastFunction":8,"lastStatement":69,"seen":{"s:3:30:221:Infinity":0,"f:7:8:7:Infinity":0,"s:12:19:12:Infinity":1,"s:15:21:15:Infinity":2,"s:16:24:16:Infinity":3,"s:17:21:17:Infinity":4,"f:17:45:17:53":1,"s:17:62:17:69":5,"b:20:4:27:Infinity:undefined:undefined:undefined:undefined":0,"s:20:4:27:Infinity":6,"b:20:8:20:18:20:18:20:50":1,"s:21:6:26:Infinity":7,"s:22:25:22:Infinity":8,"b:23:8:23:Infinity:undefined:undefined:undefined:undefined":2,"s:23:8:23:Infinity":9,"s:23:22:23:Infinity":10,"s:25:8:25:Infinity":11,"s:30:4:30:Infinity":12,"f:33:2:33:22":2,"b:34:4:34:Infinity:undefined:undefined:undefined:undefined":3,"s:34:4:34:Infinity":13,"s:34:30:34:Infinity":14,"s:36:17:36:Infinity":15,"s:37:4:43:Infinity":16,"f:37:12:37:20":3,"s:38:6:38:Infinity":17,"s:39:6:39:Infinity":18,"s:40:6:40:Infinity":19,"s:41:6:41:Infinity":20,"s:42:6:42:Infinity":21,"s:45:18:45:Infinity":22,"s:46:4:52:Infinity":23,"f:55:2:55:25":4,"s:56:17:56:Infinity":24,"s:57:17:57:Infinity":25,"s:59:4:64:Infinity":26,"f:59:29:59:38":5,"b:60:6:63:Infinity:undefined:undefined:undefined:undefined":4,"s:60:6:63:Infinity":27,"s:61:8:61:Infinity":28,"s:62:8:62:Infinity":29,"s:66:4:66:Infinity":30,"f:69:8:69:Infinity":6,"s:77:18:77:Infinity":31,"s:78:16:78:Infinity":32,"s:80:26:95:Infinity":33,"s:98:21:114:Infinity":34,"b:116:4:118:Infinity:undefined:undefined:undefined:undefined":5,"s:116:4:118:Infinity":35,"s:117:6:117:Infinity":36,"s:120:17:120:Infinity":37,"s:121:4:121:Infinity":38,"b:121:11:121:62:121:62:121:Infinity":6,"f:124:2:124:Infinity":7,"s:131:16:131:Infinity":39,"b:134:4:140:Infinity:undefined:undefined:undefined:undefined":7,"s:134:4:140:Infinity":40,"b:134:8:134:32:134:32:134:65":8,"s:135:6:135:Infinity":41,"b:143:4:163:Infinity:undefined:undefined:undefined:undefined":9,"s:143:4:163:Infinity":42,"b:143:8:143:35:143:35:143:62:143:62:143:93:143:93:143:118":10,"s:144:18:144:Infinity":43,"b:144:33:144:84:144:84:144:Infinity":11,"s:145:19:145:Infinity":44,"b:146:6:156:Infinity:148:13:156:Infinity":12,"s:146:6:156:Infinity":45,"s:147:8:147:Infinity":46,"b:148:13:156:Infinity:150:13:156:Infinity":13,"s:148:13:156:Infinity":47,"s:149:8:149:Infinity":48,"b:150:13:156:Infinity:152:13:156:Infinity":14,"s:150:13:156:Infinity":49,"s:151:8:151:Infinity":50,"b:152:13:156:Infinity:154:13:156:Infinity":15,"s:152:13:156:Infinity":51,"s:153:8:153:Infinity":52,"s:155:8:155:Infinity":53,"s:158:6:160:Infinity":54,"b:166:4:198:Infinity:undefined:undefined:undefined:undefined":16,"s:166:4:198:Infinity":55,"b:166:8:166:34:166:34:166:58:166:58:166:84:166:84:166:108:166:108:166:140":17,"b:167:6:173:Infinity:undefined:undefined:undefined:undefined":18,"s:167:6:173:Infinity":56,"b:167:10:167:34:167:34:167:69:167:69:167:99:167:99:167:129":19,"s:168:8:168:Infinity":57,"b:175:6:181:Infinity:undefined:undefined:undefined:undefined":20,"s:175:6:181:Infinity":58,"b:175:10:175:39:175:39:175:62:175:62:175:89:175:89:175:132":21,"s:176:8:176:Infinity":59,"b:183:6:189:Infinity:undefined:undefined:undefined:undefined":22,"s:183:6:189:Infinity":60,"b:183:10:183:41:183:41:183:67:183:67:183:92:183:92:183:132":23,"s:184:8:184:Infinity":61,"s:192:6:192:Infinity":62,"b:201:4:214:Infinity:undefined:undefined:undefined:undefined":24,"s:201:4:214:Infinity":63,"b:201:8:201:36:201:36:201:62:201:62:201:87":25,"s:202:29:202:Infinity":64,"s:203:12:203:Infinity":65,"s:204:12:204:Infinity":66,"s:206:6:213:Infinity":67,"s:217:4:217:Infinity":68},"fnNames":{}}}
,"C:\\Users\\dell\\Downloads\\$HOMEagy2-projectsmy-first-project\\src\\services\\calculatorEngine.ts": {"path":"C:\\Users\\dell\\Downloads\\$HOMEagy2-projectsmy-first-project\\src\\services\\calculatorEngine.ts","statementMap":{"0":{"start":{"line":4,"column":32},"end":{"line":100,"column":null}},"1":{"start":{"line":6,"column":54},"end":{"line":6,"column":null}},"2":{"start":{"line":7,"column":4},"end":{"line":7,"column":null}},"3":{"start":{"line":7,"column":23},"end":{"line":7,"column":null}},"4":{"start":{"line":9,"column":4},"end":{"line":14,"column":null}},"5":{"start":{"line":10,"column":19},"end":{"line":10,"column":null}},"6":{"start":{"line":11,"column":19},"end":{"line":11,"column":null}},"7":{"start":{"line":12,"column":21},"end":{"line":12,"column":null}},"8":{"start":{"line":13,"column":6},"end":{"line":13,"column":null}},"9":{"start":{"line":16,"column":19},"end":{"line":16,"column":null}},"10":{"start":{"line":17,"column":4},"end":{"line":17,"column":null}},"11":{"start":{"line":21,"column":28},"end":{"line":21,"column":null}},"12":{"start":{"line":22,"column":4},"end":{"line":22,"column":null}},"13":{"start":{"line":22,"column":18},"end":{"line":22,"column":null}},"14":{"start":{"line":23,"column":19},"end":{"line":23,"column":null}},"15":{"start":{"line":24,"column":4},"end":{"line":24,"column":null}},"16":{"start":{"line":28,"column":23},"end":{"line":28,"column":null}},"17":{"start":{"line":29,"column":4},"end":{"line":29,"column":null}},"18":{"start":{"line":29,"column":21},"end":{"line":29,"column":null}},"19":{"start":{"line":30,"column":19},"end":{"line":30,"column":null}},"20":{"start":{"line":31,"column":4},"end":{"line":31,"column":null}},"21":{"start":{"line":35,"column":69},"end":{"line":35,"column":null}},"22":{"start":{"line":36,"column":20},"end":{"line":36,"column":null}},"23":{"start":{"line":37,"column":21},"end":{"line":37,"column":null}},"24":{"start":{"line":38,"column":21},"end":{"line":38,"column":null}},"25":{"start":{"line":39,"column":21},"end":{"line":39,"column":null}},"26":{"start":{"line":40,"column":4},"end":{"line":40,"column":null}},"27":{"start":{"line":44,"column":81},"end":{"line":44,"column":null}},"28":{"start":{"line":45,"column":24},"end":{"line":45,"column":null}},"29":{"start":{"line":46,"column":27},"end":{"line":46,"column":null}},"30":{"start":{"line":48,"column":26},"end":{"line":48,"column":null}},"31":{"start":{"line":49,"column":28},"end":{"line":49,"column":null}},"32":{"start":{"line":50,"column":25},"end":{"line":50,"column":null}},"33":{"start":{"line":52,"column":4},"end":{"line":52,"column":null}},"34":{"start":{"line":62,"column":18},"end":{"line":62,"column":null}},"35":{"start":{"line":63,"column":17},"end":{"line":63,"column":null}},"36":{"start":{"line":64,"column":16},"end":{"line":64,"column":null}},"37":{"start":{"line":65,"column":15},"end":{"line":65,"column":null}},"38":{"start":{"line":66,"column":17},"end":{"line":66,"column":null}},"39":{"start":{"line":67,"column":18},"end":{"line":67,"column"
[...]
n":62}},"loc":{"start":{"line":258,"column":115},"end":{"line":404,"column":null}},"line":258},"15":{"name":"(anonymous_15)","decl":{"start":{"line":263,"column":41},"end":{"line":263,"column":45}},"loc":{"start":{"line":263,"column":50},"end":{"line":263,"column":70}},"line":263},"16":{"name":"(anonymous_16)","decl":{"start":{"line":266,"column":5},"end":{"line":266,"column":9}},"loc":{"start":{"line":266,"column":14},"end":{"line":266,"column":69}},"line":266},"17":{"name":"(anonymous_17)","decl":{"start":{"line":274,"column":8},"end":{"line":274,"column":26}},"loc":{"start":{"line":274,"column":26},"end":{"line":283,"column":null}},"line":274},"18":{"name":"(anonymous_18)","decl":{"start":{"line":277,"column":7},"end":{"line":277,"column":12}},"loc":{"start":{"line":277,"column":25},"end":{"line":281,"column":7}},"line":277},"19":{"name":"(anonymous_19)","decl":{"start":{"line":285,"column":8},"end":{"line":285,"column":30}},"loc":{"start":{"line":285,"column":30},"end":{"line":292,"column":null}},"line":285},"20":{"name":"(anonymous_20)","decl":{"start":{"line":300,"column":10},"end":{"line":300,"column":25}},"loc":{"start":{"line":300,"column":25},"end":{"line":300,"column":null}},"line":300},"21":{"name":"(anonymous_21)","decl":{"start":{"line":319,"column":27},"end":{"line":319,"column":32}},"loc":{"start":{"line":320,"column":16},"end":{"line":323,"column":null}},"line":320},"22":{"name":"(anonymous_22)","decl":{"start":{"line":371,"column":31},"end":{"line":371,"column":36}},"loc":{"start":{"line":371,"column":49},"end":{"line":388,"column":19}},"line":371}},"branchMap":{"0":{"loc":{"start":{"line":21,"column":79},"end":{"line":21,"column":97}},"type":"default-arg","locations":[{"start":{"line":21,"column":86},"end":{"line":21,"column":97}}],"line":21},"1":{"loc":{"start":{"line":34,"column":60},"end":{"line":34,"column":112}},"type":"cond-expr","locations":[{"start":{"line":34,"column":72},"end":{"line":34,"column":110}},{"start":{"line":34,"column":110},"end":{"line":34,"column":112}}],"line":34},"2":{"loc":{"start":{"line":44,"column":34},"end":{"line":44,"column":64}},"type":"cond-expr","locations":[{"start":{"line":44,"column":46},"end":{"line":44,"column":56}},{"start":{"line":44,"column":56},"end":{"line":44,"column":64}}],"line":44},"3":{"loc":{"start":{"line":47,"column":11},"end":{"line":47,"column":null}},"type":"cond-expr","locations":[{"start":{"line":47,"column":23},"end":{"line":47,"column":38}},{"start":{"line":47,"column":38},"end":{"line":47,"column":null}}],"line":47},"4":{"loc":{"start":{"line":51,"column":7},"end":{"line":164,"column":null}},"type":"cond-expr","locations":[{"start":{"line":52,"column":8},"end":{"line":82,"column":9}},{"start":{"line":82,"column":8},"end":{"line":164,"column":null}}],"line":51},"5":{"loc":{"start":{"line":70,"column":61},"end":{"line":70,"column":113}},"type":"cond-expr","locations":[{"start":{"line":70,"column":73},"end":{"line":70,"column":111}},{"start":{"line":70,"column":111},"end":{"line":70,"column":113}}],"line":70},"6":{"loc":{"start":{"line":83,"column":11},"end":{"line":160,"column":null}},"type":"cond-expr","locations":[{"start":{"line":84,"column":12},"end":{"line":88,"column":null}},{"start":{"line":88,"column":12},"end":{"line":160,"column":null}}],"line":83},"7":{"loc":{"start":{"line":108,"column":20},"end":{"line":108,"column":null}},"type":"if","locations":[{"start":{"line":108,"column":20},"end":{"line":108,"column":null}},{"start":{},"end":{}}],"line":108},"8":{"loc":{"start":{"line":145,"column":30},"end":{"line":145,"column":null}},"type":"cond-expr","locations":[{"start":{"line":145,"column":42},"end":{"line":145,"column":80}},{"start":{"line":145,"column":80},"end":{"line":145,"column":null}}],"line":145},"9":{"loc":{"start":{"line":146,"column":18},"end":{"line":146,"column":null}},"type":"if","locations":[{"start":{"line":146,"column":18},"end":{"line":146,"column":null}},{"start":{},"end":{}}],"line":146},"10":{"loc":{"start":{"line":176,"column":75},"end":{"line":176,"column":88}},"type":"default-arg","locations":[{"start":{"line":176,"column":82},"end":{"line":176,"column":88}}],"line":176},"11":{"loc":{"start":{"line":178,"column":21},"end":{"line":178,"column":null}},"type":"binary-expr","locations":[{"start":{"line":178,"column":21},"end":{"line":178,"column":33}},{"start":{"line":178,"column":33},"end":{"line":178,"column":null}}],"line":178},"12":{"loc":{"start":{"line":191,"column":34},"end":{"line":191,"column":64}},"type":"cond-expr","locations":[{"start":{"line":191,"column":46},"end":{"line":191,"column":56}},{"start":{"line":191,"column":56},"end":{"line":191,"column":64}}],"line":191},"13":{"loc":{"start":{"line":194,"column":11},"end":{"line":194,"column":null}},"type":"cond-expr","locations":[{"start":{"line":194,"column":23},"end":{"line":194,"column":38}},{"start":{"line":194,"column":38},"end":{"line":194,"column":null}}],"line":194},"14":{"loc":{"start":{"line":198,"column":7},"end":{"line":245,"column":null}},"type":"cond-expr","locations":[{"start":{"line":199,"column":8},"end":{"line":219,"column":9}},{"start":{"line":219,"column":8},"end":{"line":245,"column":null}}],"line":198},"15":{"loc":{"start":{"line":258,"column":86},"end":{"line":258,"column":99}},"type":"default-arg","locations":[{"start":{"line":258,"column":93},"end":{"line":258,"column":99}}],"line":258},"16":{"loc":{"start":{"line":258,"column":99},"end":{"line":258,"column":115}},"type":"default-arg","locations":[{"start":{"line":258,"column":107},"end":{"line":258,"column":115}}],"line":258},"17":{"loc":{"start":{"line":275,"column":4},"end":{"line":275,"column":null}},"type":"if","locations":[{"start":{"line":275,"column":4},"end":{"line":275,"column":null}},{"start":{},"end":{}}],"line":275},"18":{"loc":{"start":{"line":286,"column":4},"end":{"line":286,"column":null}},"type":"if","locations":[{"start":{"line":286,"column":4},"end":{"line":286,"column":null}},{"start":{},"end":{}}],"line":286},"19":{"loc":{"start":{"line":301,"column":34},"end":{"line":301,"column":64}},"type":"cond-expr","locations":[{"start":{"line":301,"column":46},"end":{"line":301,"column":56}},{"start":{"line":301,"column":56},"end":{"line":301,"column":64}}],"line":301},"20":{"loc":{"start":{"line":304,"column":11},"end":{"line":304,"column":null}},"type":"cond-expr","locations":[{"start":{"line":304,"column":23},"end":{"line":304,"column":38}},{"start":{"line":304,"column":38},"end":{"line":304,"column":null}}],"line":304},"21":{"loc":{"start":{"line":308,"column":7},"end":{"line":402,"column":null}},"type":"cond-expr","locations":[{"start":{"line":309,"column":8},"end":{"line":329,"column":9}},{"start":{"line":329,"column":8},"end":{"line":402,"column":null}}],"line":308},"22":{"loc":{"start":{"line":331,"column":11},"end":{"line":400,"column":null}},"type":"cond-expr","locations":[{"start":{"line":332,"column":12},"end":{"line":336,"column":null}},{"start":{"line":336,"column":12},"end":{"line":400,"column":null}}],"line":331}},"s":{"0":1,"1":4,"2":1,"3":2,"4":2,"5":4,"6":2,"7":2,"8":2,"9":2,"10":2,"11":4,"12":2,"13":1,"14":2,"15":2,"16":0,"17":2,"18":2,"19":2,"20":2,"21":2,"22":2,"23":2,"24":2,"25":0,"26":2,"27":1,"28":2,"29":2,"30":4,"31":2,"32":4,"33":2,"34":1,"35":2,"36":2,"37":2,"38":1,"39":2,"40":2,"41":2,"42":4,"43":2,"44":4,"45":2,"46":2,"47":2,"48":2,"49":2,"50":0,"51":2,"52":4,"53":4,"54":4,"55":2,"56":1,"57":0,"58":1,"59":1,"60":1,"61":1,"62":1,"63":2,"64":1,"65":2,"66":2,"67":2,"68":2},"f":{"0":4,"1":2,"2":4,"3":4,"4":1,"5":2,"6":2,"7":2,"8":2,"9":4,"10":4,"11":1,"12":2,"13":2,"14":2,"15":4,"16":4,"17":2,"18":4,"19":1,"20":1,"21":2,"22":2},"b":{"0":[2],"1":[4,0],"2":[1,1],"3":[1,1],"4":[1,1],"5":[2,0],"6":[0,1],"7":[0,2],"8":[2,0],"9":[0,2],"10":[2],"11":[2,2],"12":[1,1],"13":[1,1],"14":[1,1],"15":[2],"16":[2],"17":[0,2],"18":[0,1],"19":[1,1],"20":[1,1],"21":[1,1],"22":[0,1]},"meta":{"lastBranch":23,"lastFunction":23,"lastStatement":69,"seen":{"s:12:6:12:Infinity":0,"f:12:6:12:21":0,"s:12:37:12:Infinity":1,"s:21:13:166:Infinity":2,"f:21:13:21:64":1,"b:21:86:21:97":0,"s:22:20:22:Infinity":3,"s:23:16:23:Infinity":4,"f:23:21:23:29":2,"s:23:40:23:55":5,"s:26:17:26:Infinity":6,"s:27:22:27:Infinity":7,"s:28:24:28:Infinity":8,"s:30:27:30:Infinity":9,"s:33:26:35:Infinity":10,"f:34:5:34:9":3,"s:34:14:34:115":11,"b:34:72:34:110:34:110:34:112":1,"s:37:2:164:Infinity":12,"f:43:10:43:25":4,"s:43:25:43:Infinity":13,"b:44:46:44:56:44:56:44:64":2,"b:47:23:47:38:47:38:47:Infinity":3,"b:52:8:82:9:82:8:164:Infinity":4,"f:63:20:63:25":5,"s:64:16:71:Infinity":14,"b:70:73:70:111:70:111:70:113":5,"b:84:12:88:Infinity:88:12:160:Infinity":6,"f:107:24:107:29":6,"b:108:20:108:Infinity:undefined:undefined:undefined:undefined":7,"s:108:20:108:Infinity":15,"s:108:42:108:Infinity":16,"s:109:36:109:Infinity":17,"s:110:45:110:Infinity":18,"s:111:44:111:Infinity":19,"s:112:38:112:Infinity":20,"s:113:20:113:Infinity":21,"s:115:20:128:Infinity":22,"f:144:22:144:27":7,"s:145:30:145:Infinity":23,"b:145:42:145:80:145:80:145:Infinity":8,"b:146:18:146:Infinity:undefined:undefined:undefined:undefined":9,"s:146:18:146:Infinity":24,"s:146:37:146:Infinity":25,"s:147:18:156:Infinity":26,"s:176:13:247:Infinity":27,"f:176:13:176:60":8,"b:176:82:176:88":10,"s:177:20:177:Infinity":28,"s:178:21:178:Infinity":29,"b:178:21:178:33:178:33:178:Infinity":11,"f:178:50:178:54":9,"s:178:59:178:66":30,"s:180:26:182:Infinity":31,"f:181:5:181:9":10,"s:181:14:181:57":32,"s:184:2:245:Infinity":33,"f:190:10:190:25":11,"s:190:25:190:Infinity":34,"b:191:46:191:56:191:56:191:64":12,"b:194:23:194:38:194:38:194:Infinity":13,"b:199:8:219:9:219:8:245:Infinity":14,"f:209:20:209:25":12,"s:210:16:213:Infinity":35,"f:221:16:221:21":13,"s:222:24:222:Infinity":36,"s:223:12:240:Infinity":37,"s:258:13:404:Infinity":38,"f:258:13:258:62":14,"b:258:93:258:99":15,"b:258:107:258:115":16,"s:259:20:259:Infinity":39,"s:262:22:262:Infinity":40,"s:263:17:263:Infinity":41,"f:263:41:263:45":15,"s:263:50:263:70":42,"s:265:26:267:Infinity":43,"f:266:5:266:9":16,"s:266:14:266:69":44,"s:270:16:270:Infinity":45,"s:271:17:271:Infinity":46,"s:272:18:272:Infinity":47,"s:274:8:283:Infinity":48,"f:274:8:274:26":17,"b:275:4:275:Infinity:undefined:undefined:undefined:undefined":17,"s:275:4:275:Infinity":49,"s:275:33:275:Infinity":50,"s:276:4:282:Infinity":51,"f:277:7:277:12":18,"s:278:18:278:Infinity":52,"s:279:18:279:Infinity":53,"s:280:8:280:Infinity":54,"s:285:8:292:Infinity":55,"f:285:8:285:30":19,"b:286:4:286:Infinity:undefined:undefined:undefined:undefined":18,"s:286:4:286:Infinity":56,"s:286:33:286:Infinity":57,"s:287:23:287:Infinity":58,"s:288:19:288:Infinity":59,"s:289:17:289:Infinity":60,"s:290:18:290:Infinity":61,"s:291:4:291:Infinity":62,"s:294:2:402:Infinity":63,"f:300:10:300:25":20,"s:300:25:300:Infinity":64,"b:301:46:301:56:301:56:301:64":19,"b:304:23:304:38:304:38:304:Infinity":20,"b:309:8:329:9:329:8:402:Infinity":21,"f:319:27:319:32":21,"s:320:16:323:Infinity":65,"b:332:12:336:Infinity:336:12:400:Infinity":22,"f:371:31:371:36":22,"s:372:30:372:Infinity":66,"s:373:30:373:Infinity":67,"s:374:20:386:Infinity":68},"fnNames":{}}}
,"C:\\Users\\dell\\Downloads\\$HOMEagy2-projectsmy-first-project\\src\\widgets\\SharedUI.tsx": {"path":"C:\\Users\\dell\\Downloads\\$HOMEagy2-projectsmy-first-project\\src\\widgets\\SharedUI.tsx","statementMap":{"0":{"start":{"line":11,"column":13},"end":{"line":21,"column":null}},"1":{"start":{"line":12,"column":2},"end":{"line":19,"column":null}},"2":{"start":{"line":30,"column":13},"end":{"line":57,"column":null}},"3":{"start":{"line":38,"column":21},"end":{"line":38,"column":null}},"4":{"start":{"line":40,"column":19},"end":{"line":45,"column":null}},"5":{"start":{"line":47,"column":2},"end":{"line":55,"column":null}},"6":{"start":{"line":67,"column":13},"end":{"line":96,"column":null}},"7":{"start":{"line":75,"column":2},"end":{"line":94,"column":null}},"8":{"start":{"line":105,"column":13},"end":{"line":124,"column":null}},"9":{"start":{"line":106,"column":2},"end":{"line":122,"column":null}},"10":{"start":{"line":117,"column":10},"end":{"line":119,"column":null}},"11":{"start":{"line":135,"column":13},"end":{"line":177,"column":null}},"12":{"start":{"line":136,"column":8},"end":{"line":136,"column":null}},"13":{"start":{"line":138,"column":2},"end":{"line":151,"column":null}},"14":{"start":{"line":139,"column":4},"end":{"line":150,"column":null}},"15":{"start":{"line":141,"column":23},"end":{"line":143,"column":null}},"16":{"start":{"line":144,"column":24},"end":{"line":146,"column":null}},"17":{"start":{"line":145,"column":14},"end":{"line":145,"column":null}},"18":{"start":{"line":147,"column":6},"end":{"line":149,"column":null}},"19":{"start":{"line":148,"column":8},"end":{"line":148,"column":null}},"20":{"start":{"line":153,"column":2},"end":{"line":153,"column":null}},"21":{"start":{"line":153,"column":15},"end":{"line":153,"column":null}},"22":{"start":{"line":155,"column":2},"end":{"line":175,"column":null}},"23":{"start":{"line":185,"column":13},"end":{"line":200,"column":null}},"24":{"start":{"line":186,"column":2},"end":{"line":198,"column":null}}},"fnMap":{"0":{"name":"(anonymous_0)","decl":{"start":{"line":11,"column":13},"end":{"line":11,"column":42}},"loc":{"start":{"line":11,"column":96},"end":{"line":21,"column":null}},"line":11},"1":{"name":"(anonymous_1)","decl":{"start":{"line":30,"column":13},"end":{"line":30,"column":46}},"loc":{"start":{"line":37,"column":6},"end":{"line":57,"column":null}},"line":37},"2":{"name":"(anonymous_2)","decl":{"start":{"line":67,"column":13},"end":{"line":67,"column":44}},"loc":{"start":{"line":74,"column":6},"end":{"line":96,"column":null}},"line":74},"3":{"name":"(anonymous_3)","decl":{"start":{"line":105,"column":13},"end":{"line":105,"column":46}},"loc":{"start":{"line":105,"column":99},"end":{"line":124,"column":null}},"line":105},"4":{"name":"(anonymous_4)","decl":{"start":{"line":116,"column":17},"end":{"line":116,"column":21}},"loc":{"start":{"line":117,"column":10},"end":{"line":119,"column":null}},"line":117},"5":{"name":"(anonymous_5)","decl":{"start":{"line":135,"column":13},"end":{"line":135,"column":44}},"loc":{"start":{"line":135,"column":101},"end":{"line":177,"column":null}},"line":135},"6":{"name":"(anonymous_6)","decl":{"start":{"line":138,"column":2},"end":{"line":138,"column":18}},"loc":{"start":{"line":138,"column":18},"end":{"line":151,"column":5}},"line":138},"7":{"name":"(anonymous_7)","decl":{"start":{"line":144,"column":45},"end":{"line":144,"column":null}},"loc":{"start":{"line":145,"column":14},"end":{"line":145,"column":null}},"line":145},"8":{"name":"(anonymous_8)","decl":{"start":{"line":185,"column":13},"end":{"line":185,"column":48}},"loc":{"start":{"line":185,"column":74},"end":{"line":200,"column":null}},"line":185}},"branchMap":{"0":{"loc":{"start":{"line":11,"column":54},"end":{"line":11,"column":70}},"type":"default-arg","locations":[{"start":{"line":11,"column":66},"end":{"line":11,"column":70}}],"line":11},"1":{"loc":{"start":{"line":31,"column":2},"end":{"line":31,"column":null}},"type":"default-arg","locations":[{"start":{"line":31,"column":12},"end":{"line":31,"column":null}}],"line":31},"2":{"loc":{"start":{"line":33,"column":2},"end":{"line":33,"column":null}},"type":"default-arg","locations":[{"start":{"line":33,"column":14},"end":{"line":33,"column":null}}],"line":33},"3":{"loc":{"start":{"line":71,"column":2},"end":{"line":71,"column":null}},"type":"default-arg","locations":[{"start":{"line":71,"column":14},"end":{"line":71,"column":null}}],"line":71},"4":{"loc":{"start":{"line":83,"column":10},"end":{"line":83,"column":null}},"type":"cond-expr","locations":[{"start":{"line":83,"column":18},"end":{"line":83,"column":61}},{"start":{"line":83,"column":61},"end":{"line":83,"column":null}}],"line":83},"5":{"loc":{"start":{"line":85,"column":22},"end":{"line":85,"column":null}},"type":"cond-expr","locations":[{"start":{"line":85,"column":30},"end":{"line":85,"column":39}},{"start":{"line":85,"column":39},"end":{"line":85,"column":null}}],"line":85},"6":{"loc":{"start":{"line":86,"column":26},"end":{"line":86,"column":null}},"type":"cond-expr","locations":[{"start":{"line":86,"column":34},"end":{"line":86,"column":50}},{"start":{"line":86,"column":50},"end":{"line":86,"column":null}}],"line":86},"7":{"loc":{"start":{"line":89,"column":7},"end":{"line":92,"column":null}},"type":"binary-expr","locations":[{"start":{"line":89,"column":7},"end":{"line":89,"column":null}},{"start":{"line":90,"column":8},"end":{"line":92,"column":null}}],"line":89},"8":{"loc":{"start":{"line":105,"column":68},"end":{"line":105,"column":84}},"type":"default-arg","locations":[{"start":{"line":105,"column":80},"end":{"line":105,"column":84}}],"line":105},"9":{"loc":{"start":{"line":139,"column":4},"end":{"line":150,"column":null}},"type":"if","locations":[{"start":{"line":139,"column":4},"end":{"line":150,"column":null}},{"start":{},"end":{}}],"line":139},"10":{"loc":{"start":{"line":139,"column":8},"end":{"line":139,"column":36}},"type":"binary-expr","locations":[{"start":{"line":139,"column":8},"end":{"line":139,"column":18}},{"start":{"line":139,"column":18},"end":{"line":139,"column":36}}],"line":139},"11":{"loc":{"start":{"line":147,"column":6},"end":{"line":149,"column":null}},"type":"if","locations":[{"start":{"line":147,"column":6},"end":{"line":149,"column":null}},{"start":{},"end":{}}],"line":147},"12":{"loc":{"start":{"line":153,"column":2},"end":{"line":153,"column":null}},"type":"if","locations":[{"start":{"line":153,"column":2},"end":{"line":153,"column":null}},{"start":{},"end":{}}],"line":153},"13":{"loc":{"start":{"line":156,"column":158},"end":{"line":156,"column":null}},"type":"binary-expr","locations":[{"start":{"line":156,"column":158},"end":{"line":156,"column":176}},{"start":{"line":156,"column":176},"end":{"line":156,"column":null}}],"line":156},"14":{"loc":{"start":{"line":162,"column":18},"end":{"line":162,"column":51}},"type":"binary-expr","locations":[{"start":{"line":162,"column":18},"end":{"line":162,"column":36}},{"start":{"line":162,"column":36},"end":{"line":162,"column":51}}],"line":162}},"s":{"0":1,"1":1,"2":1,"3":8,"4":8,"5":8,"6":1,"7":1,"8":1,"9":0,"10":0,"11":1,"12":2,"13":2,"14":2,"15":1,"16":1,"17":1,"18":1,"19":1,"20":2,"21":1,"22":1,"23":1,"24":0},"f":{"0":1,"1":8,"2":1,"3":0,"4":0,"5":2,"6":2,"7":1,"8":0},"b":{"0":[1],"1":[8],"2":[8],"3":[1],"4":[1,0],"5":[1,0],"6":[1,0],"7":[1,1],"8":[0],"9":[1,1],"10":[2,1],"11":[1,0],"12":[1,1],"13":[1,0],"14":[2,0]},"meta":{"lastBranch":15,"lastFunction":9,"lastStatement":25,"seen":{"s:11:13:21:Infinity":0,"f:11:13:11:42":0,"b:11:66:11:70":0,"s:12:2:19:Infinity":1,"s:30:13:57:Infinity":2,"f:30:13:30:46":1,"b:31:12:31:Infinity":1,"b:33:14:33:Infinity":2,"s:38:21:38:Infinity":3,"s:40:19:45:Infinity":4,"s:47:2:55:Infinity":5,"s:67:13:96:Infinity":6,"f:67:13:67:44":2,"b:71:14:71:Infinity":3,"s:75:2:94:Infinity":7,"b:83:18:83:61:83:61:83:Infinity":4,"b:85:30:85:39:85:39:85:Infinity":5,"b:86:34:86:50:86:50:86:Infinity":6,"b:89:7:89:Infinity:90:8:92:Infinity":7,"s:105:13:124:Infinity":8,"f:105:13:105:46":3,"b:105:80:105:84":8,"s:106:2:122:Infinity":9,"f:116:17:116:21":4,"s:117:10:119:Infinity":10,"s:135:13:177:Infinity":11,"f:135:13:135:44":5,"s:136:8:136:Infinity":12,"s:138:2:151:Infinity":13,"f:138:2:138:18":6,"b:139:4:150:Infinity:undefined:undefined:undefined:undefined":9,"s:139:4:150:Infinity":14,"b:139:8:139:18:139:18:139:36":10,"s:141:23:143:Infinity":15,"s:144:24:146:Infinity":16,"f:144:45:144:Infinity":7,"s:145:14:145:Infinity":17,"b:147:6:149:Infinity:undefined:undefined:undefined:undefined":11,"s:147:6:149:Infinity":18,"s:148:8:148:Infinity":19,"b:153:2:153:Infinity:undefined:undefined:undefined:undefined":12,"s:153:2:153:Infinity":20,"s:153:15:153:Infinity":21,"s:155:2:175:Infinity":22,"b:156:158:156:176:156:176:156:Infinity":13,"b:162:18:162:36:162:36:162:51":14,"s:185:13:200:Infinity":23,"f:185:13:185:48":8,"s:186:2:198:Infinity":24},"fnNames":{}}}
}
